2024-02-21 21:49:51.124 [info] Using settings sync service https://vscode-sync.trafficmanager.net/
2024-02-21 21:49:51.124 [info] Auto Sync is enabled.
2024-02-21 21:49:51.124 [info] Auto Sync: Suspended until auth token is available.
2024-02-21 21:49:51.455 [info] Auto Sync: Triggered by Interval
2024-02-21 21:49:51.455 [info] Sync started.
2024-02-21 21:49:51.500 [info] Deleting non existing profile from backup /home/zrik/.config/Code/User/sync/extensions
2024-02-21 21:49:51.513 [info] Deleting non existing profile from backup /home/zrik/.config/Code/User/sync/globalState
2024-02-21 21:49:51.527 [info] Deleting non existing profile from backup /home/zrik/.config/Code/User/sync/keybindings
2024-02-21 21:49:51.567 [info] Deleting non existing profile from backup /home/zrik/.config/Code/User/sync/profiles
2024-02-21 21:49:51.585 [info] Deleting non existing profile from backup /home/zrik/.config/Code/User/sync/settings
2024-02-21 21:49:51.598 [info] Deleting non existing profile from backup /home/zrik/.config/Code/User/sync/snippets
2024-02-21 21:49:51.609 [info] Deleting non existing profile from backup /home/zrik/.config/Code/User/sync/tasks
2024-02-21 21:49:51.788 [info] Settings: Last sync resource does not exist locally.
2024-02-21 21:49:51.868 [info] Settings: No changes found during synchronizing settings.
2024-02-21 21:49:51.869 [info] Keybindings: Last sync resource does not exist locally.
2024-02-21 21:49:51.928 [info] Keybindings: No changes found during synchronizing keybindings.
2024-02-21 21:49:51.928 [info] Snippets: Last sync resource does not exist locally.
2024-02-21 21:49:51.986 [info] Snippets: No changes found during synchronizing snippets.
2024-02-21 21:49:51.986 [info] Tasks: Last sync resource does not exist locally.
2024-02-21 21:49:52.051 [info] Tasks: No changes found during synchronizing tasks.
2024-02-21 21:49:52.052 [info] GlobalState: Last sync resource does not exist locally.
2024-02-21 21:49:53.181 [info] GlobalState: Updated remote ui state. Updated: workbench.statusbar.hidden.
2024-02-21 21:49:53.183 [info] GlobalState: Updated last synchronized ui state
2024-02-21 21:49:53.183 [info] Extensions: Last sync resource does not exist locally.
2024-02-21 21:49:53.274 [info] Extensions: No changes found during synchronizing extensions.
2024-02-21 21:49:53.274 [info] Profiles: Last sync resource does not exist locally.
2024-02-21 21:49:53.340 [info] Profiles: No changes found during synchronizing profiles.
2024-02-21 21:49:53.341 [info] Sync done. Took 1886ms
2024-02-21 21:50:13.486 [info] Auto Sync: Triggered by Activity
2024-02-21 21:50:13.486 [info] Sync started.
2024-02-21 21:50:13.588 [info] Settings: No changes found during synchronizing settings.
2024-02-21 21:50:13.591 [info] Keybindings: No changes found during synchronizing keybindings.
2024-02-21 21:50:13.594 [info] Snippets: No changes found during synchronizing snippets.
2024-02-21 21:50:13.596 [info] Tasks: No changes found during synchronizing tasks.
2024-02-21 21:50:13.600 [info] GlobalState: No changes found during synchronizing ui state.
2024-02-21 21:50:13.634 [info] Extensions: No changes found during synchronizing extensions.
2024-02-21 21:50:13.634 [info] Profiles: No changes found during synchronizing profiles.
2024-02-21 21:50:13.635 [info] Sync done. Took 150ms
