Initializing document watcher...
.config/polybar/launch.sh: {}
.config/i3/config_bk: {}
.config/i3/config_bk: {}
.config/i3/config_bk: {}
.config/polybar/launch.sh: {}
.config/polybar/launch.sh: Using EditorConfig core...
.config/polybar/launch.sh: Using EditorConfig core...
.config/polybar/launch.sh: Using EditorConfig core...
.config/polybar/launch.sh: Using EditorConfig core...
.config/polybar/launch.sh: {}
.config/polybar/launch.sh: Using EditorConfig core...
.config/polybar/launch.sh: Using EditorConfig core...
.config/polybar/launch.sh: Using EditorConfig core...
.config/i3/config: {}
.config/i3/config: {}
.config/i3/config: {}
.config/i3/config: {}
.config/i3/config: {}
.config/i3/config: {}
.config/i3/config: {}
.config/i3/config: {}
.config/i3/config: {}
.config/i3/config: {}
.config/i3/config: {}
.config/i3/config: {}
.config/i3/config: {}
.config/i3/config: {}
.config/i3/config: {}
.config/i3/config: {}
.config/i3/config: {}
.config/i3/config: {}
.config/i3/config: {}
.config/i3/config: {}
.config/i3/config: {}
.config/i3/config: {}
.config/i3/config: {}
.config/polybar/config/statusbar.ini: {}
.config/polybar/config/statusbar.ini: Using EditorConfig core...
.config/polybar/config/statusbar.ini: {}
.config/polybar/config/statusbar.ini: {}
.config/i3/config: {}
.config/polybar/launch.sh: {}
.config/polybar/launch.sh: {}
.config/polybar/launch.sh: Using EditorConfig core...
.config/polybar/config/statusbar.ini: {}
.config/polybar/config/statusbar.ini: {}
.config/polybar/config/statusbar.ini: {}
.config/polybar/config/statusbar.ini: {}
.config/polybar/config/statusbar.ini: {}
.config/polybar/config/statusbar.ini: {}
.config/polybar/config/statusbar.ini: {}
.config/polybar/config/statusbar.ini: {}
.config/polybar/config/statusbar.ini: Using EditorConfig core...
.config/polybar/config/statusbar.ini: Using EditorConfig core...
.config/polybar/config/statusbar.ini: {}
.config/polybar/config/statusbar.ini: {}
.config/i3/config: {}
.config/i3/config: Using EditorConfig core...
.config/i3/config: {}
.config/i3/config: {}
.config/i3/config: {}
.config/i3/config: {}
.config/polybar/config/statusbar.ini: {}
.config/polybar/config/statusbar.ini: Using EditorConfig core...
.config/polybar/config/statusbar.ini: {}
.config/polybar/config/statusbar.ini: {}
.config/polybar/config/statusbar.ini: Using EditorConfig core...
.config/polybar/config/statusbar.ini: {}
.config/polybar/config/statusbar.ini: {}
.config/polybar/config/statusbar.ini: Using EditorConfig core...
.config/i3/config: {}
.config/i3/config: Using EditorConfig core...
.config/i3/config: {}
.config/i3/config: Using EditorConfig core...
.config/i3/config: Using EditorConfig core...
.config/i3/config: {}
.config/i3/config: {}
.config/i3/config: {}
.config/i3/config: Using EditorConfig core...
.config/i3/config: {}
.config/i3/config: {}
.config/i3/config: {}
.config/i3/config: {}
.config/i3/config: Using EditorConfig core...
.config/i3/config: {}
.config/i3/config: Using EditorConfig core...
.config/i3/config: {}
.config/i3/config: {}
.config/i3/config: {}
.config/i3/config: Using EditorConfig core...
.config/i3/config: {}
.config/i3/config: {}
.config/i3/config: {}
.config/i3/config: {}
.config/i3/config: {}
.config/i3/config: {}
.config/i3/config: {}
.config/i3/config: Using EditorConfig core...
.config/i3/config: {}
.config/i3/config: {}
.config/i3/config: Using EditorConfig core...
.config/i3/config: {}
.config/i3/config: {}
.config/i3/config: {}
.config/i3/config: Using EditorConfig core...
.config/i3/config: {}
.config/i3/config: Using EditorConfig core...
.config/i3/config: {}
.config/i3/config: Using EditorConfig core...
.config/i3/config: {}
.config/i3/config: {}
.config/i3/config: {}
.config/i3/config: Using EditorConfig core...
.config/i3/config: {}
.config/i3/config: {}
.config/i3/config: Using EditorConfig core...
.config/i3/config: {}
.config/i3/config: Using EditorConfig core...
.config/i3/config: {}
.config/i3/config: Using EditorConfig core...
.config/i3/config: {}
.config/i3/config: {}
.config/i3/config: Using EditorConfig core...
.config/i3/config: Using EditorConfig core...
.config/i3/config: {}
.config/i3/config: {}
.config/i3/config: Using EditorConfig core...
.config/i3/config: {}
.config/i3/config: {}
.config/i3/config: Using EditorConfig core...
.config/i3/config: {}
.config/i3/config: Using EditorConfig core...
.config/i3/config: {}
.config/i3/config: {}
.config/i3/config: Using EditorConfig core...
.config/i3/config: {}
.config/i3/config: {}
.config/i3/config: {}
.config/i3/config: {}
.config/i3/config: {}
.config/i3/config: {}
.config/i3/config: Using EditorConfig core...
.config/i3/config: {}
.config/i3/config: {}
.config/i3/config: Using EditorConfig core...
.config/i3/config: {}
.config/i3/config: {}
.config/i3/config: Using EditorConfig core...
.config/i3/config: {}
.config/i3/config: {}
.config/i3/config: {}
.config/i3/config: {}
.config/i3/config: {}
.config/i3/config: Using EditorConfig core...
.config/i3/config: Using EditorConfig core...
.config/i3/config: {}
.config/i3/config: Using EditorConfig core...
.config/i3/config: {}
.config/i3/config: Using EditorConfig core...
.config/i3/config: {}
.config/i3/config: {}
