2024-02-21 20:05:28.765 [info] Extension host with pid 7426 started
2024-02-21 20:05:28.765 [info] Skipping acquiring lock for /home/zrik/.config/Code/User/workspaceStorage/d47ba998f6b43226271c07689faff886.
2024-02-21 20:05:28.835 [info] ExtensionService#_doActivateExtension Vue.volar, startup: false, activationEvent: 'onLanguage:plaintext'
2024-02-21 20:05:28.844 [info] ExtensionService#_doActivateExtension vscode.emmet, startup: false, activationEvent: 'onLanguage'
2024-02-21 20:05:28.910 [info] ExtensionService#_doActivateExtension vscode.git-base, startup: true, activationEvent: '*', root cause: vscode.git
2024-02-21 20:05:28.911 [info] ExtensionService#_doActivateExtension christian-kohler.path-intellisense, startup: true, activationEvent: '*'
2024-02-21 20:05:28.916 [info] ExtensionService#_doActivateExtension cliffordfajardo.highlight-line-vscode, startup: true, activationEvent: '*'
2024-02-21 20:05:28.917 [info] ExtensionService#_doActivateExtension EditorConfig.EditorConfig, startup: true, activationEvent: '*'
2024-02-21 20:05:28.927 [info] ExtensionService#_doActivateExtension naumovs.color-highlight, startup: true, activationEvent: '*'
2024-02-21 20:05:28.939 [info] ExtensionService#_doActivateExtension vscode.git, startup: true, activationEvent: '*'
2024-02-21 20:05:28.955 [info] ExtensionService#_doActivateExtension vscode.github, startup: true, activationEvent: '*'
2024-02-21 20:05:28.989 [info] Eager extensions activated
2024-02-21 20:05:29.026 [info] ExtensionService#_doActivateExtension vscode.debug-auto-launch, startup: false, activationEvent: 'onStartupFinished'
2024-02-21 20:05:29.027 [info] ExtensionService#_doActivateExtension vscode.merge-conflict, startup: false, activationEvent: 'onStartupFinished'
2024-02-21 20:05:29.031 [info] ExtensionService#_doActivateExtension bradlc.vscode-tailwindcss, startup: false, activationEvent: 'onStartupFinished'
2024-02-21 20:05:29.039 [info] ExtensionService#_doActivateExtension dbaeumer.vscode-eslint, startup: false, activationEvent: 'onStartupFinished'
2024-02-21 20:05:29.046 [info] ExtensionService#_doActivateExtension esbenp.prettier-vscode, startup: false, activationEvent: 'onStartupFinished'
2024-02-21 20:05:29.066 [info] ExtensionService#_doActivateExtension ms-vscode-remote.remote-containers, startup: false, activationEvent: 'onStartupFinished'
2024-02-21 20:05:29.087 [info] ExtensionService#_doActivateExtension ritwickdey.LiveServer, startup: false, activationEvent: 'onStartupFinished'
2024-02-21 20:05:29.092 [info] ExtensionService#_doActivateExtension usernamehw.errorlens, startup: false, activationEvent: 'onStartupFinished'
2024-02-21 20:05:29.094 [info] ExtensionService#_doActivateExtension vscode-icons-team.vscode-icons, startup: false, activationEvent: 'onStartupFinished'
2024-02-21 20:05:29.331 [info] ExtensionService#_doActivateExtension vscode.github-authentication, startup: false, activationEvent: 'onAuthenticationRequest:github'
2024-02-21 20:05:29.803 [info] ExtensionService#_doActivateExtension vscode.json-language-features, startup: false, activationEvent: 'onLanguage:jsonc'
2024-02-21 20:05:45.112 [error] Error: [ExtensionListenerError] Extension 'cliffordfajardo.highlight-line-vscode' FAILED to handle event
	at g.value (/usr/share/code/resources/app/out/vs/workbench/api/node/extensionHostProcess.js:160:19758)
	at r.y (/usr/share/code/resources/app/out/vs/workbench/api/node/extensionHostProcess.js:80:1902)
	at r.z (/usr/share/code/resources/app/out/vs/workbench/api/node/extensionHostProcess.js:80:1972)
	at r.fire (/usr/share/code/resources/app/out/vs/workbench/api/node/extensionHostProcess.js:80:2188)
	at g.value (/usr/share/code/resources/app/out/vs/workbench/api/node/extensionHostProcess.js:152:26595)
	at r.y (/usr/share/code/resources/app/out/vs/workbench/api/node/extensionHostProcess.js:80:1902)
	at r.fire (/usr/share/code/resources/app/out/vs/workbench/api/node/extensionHostProcess.js:80:2119)
	at i.acceptDocumentsAndEditorsDelta (/usr/share/code/resources/app/out/vs/workbench/api/node/extensionHostProcess.js:152:25486)
	at i.$acceptDocumentsAndEditorsDelta (/usr/share/code/resources/app/out/vs/workbench/api/node/extensionHostProcess.js:152:23857)
	at d.S (/usr/share/code/resources/app/out/vs/workbench/api/node/extensionHostProcess.js:147:5520)
	at d.Q (/usr/share/code/resources/app/out/vs/workbench/api/node/extensionHostProcess.js:147:5286)
	at d.M (/usr/share/code/resources/app/out/vs/workbench/api/node/extensionHostProcess.js:147:4376)
	at d.L (/usr/share/code/resources/app/out/vs/workbench/api/node/extensionHostProcess.js:147:3455)
	at g.value (/usr/share/code/resources/app/out/vs/workbench/api/node/extensionHostProcess.js:147:2242)
	at r.y (/usr/share/code/resources/app/out/vs/workbench/api/node/extensionHostProcess.js:80:1902)
	at r.fire (/usr/share/code/resources/app/out/vs/workbench/api/node/extensionHostProcess.js:80:2119)
	at n.fire (/usr/share/code/resources/app/out/vs/workbench/api/node/extensionHostProcess.js:105:14073)
	at g.value (/usr/share/code/resources/app/out/vs/workbench/api/node/extensionHostProcess.js:173:8051)
	at r.y (/usr/share/code/resources/app/out/vs/workbench/api/node/extensionHostProcess.js:80:1902)
	at r.fire (/usr/share/code/resources/app/out/vs/workbench/api/node/extensionHostProcess.js:80:2119)
	at n.fire (/usr/share/code/resources/app/out/vs/workbench/api/node/extensionHostProcess.js:105:14073)
	at MessagePortMain.<anonymous> (/usr/share/code/resources/app/out/vs/workbench/api/node/extensionHostProcess.js:173:6331)
	at MessagePortMain.emit (node:events:514:28)
	at Object.emit (node:electron/js2c/utility_init:2:2285)
2024-02-21 20:05:48.787 [error] Error: [ExtensionListenerError] Extension 'cliffordfajardo.highlight-line-vscode' FAILED to handle event
	at g.value (/usr/share/code/resources/app/out/vs/workbench/api/node/extensionHostProcess.js:160:19758)
	at r.y (/usr/share/code/resources/app/out/vs/workbench/api/node/extensionHostProcess.js:80:1902)
	at r.z (/usr/share/code/resources/app/out/vs/workbench/api/node/extensionHostProcess.js:80:1972)
	at r.fire (/usr/share/code/resources/app/out/vs/workbench/api/node/extensionHostProcess.js:80:2188)
	at g.value (/usr/share/code/resources/app/out/vs/workbench/api/node/extensionHostProcess.js:152:26595)
	at r.y (/usr/share/code/resources/app/out/vs/workbench/api/node/extensionHostProcess.js:80:1902)
	at r.fire (/usr/share/code/resources/app/out/vs/workbench/api/node/extensionHostProcess.js:80:2119)
	at i.acceptDocumentsAndEditorsDelta (/usr/share/code/resources/app/out/vs/workbench/api/node/extensionHostProcess.js:152:25486)
	at i.$acceptDocumentsAndEditorsDelta (/usr/share/code/resources/app/out/vs/workbench/api/node/extensionHostProcess.js:152:23857)
	at d.S (/usr/share/code/resources/app/out/vs/workbench/api/node/extensionHostProcess.js:147:5520)
	at d.Q (/usr/share/code/resources/app/out/vs/workbench/api/node/extensionHostProcess.js:147:5286)
	at d.M (/usr/share/code/resources/app/out/vs/workbench/api/node/extensionHostProcess.js:147:4376)
	at d.L (/usr/share/code/resources/app/out/vs/workbench/api/node/extensionHostProcess.js:147:3455)
	at g.value (/usr/share/code/resources/app/out/vs/workbench/api/node/extensionHostProcess.js:147:2242)
	at r.y (/usr/share/code/resources/app/out/vs/workbench/api/node/extensionHostProcess.js:80:1902)
	at r.fire (/usr/share/code/resources/app/out/vs/workbench/api/node/extensionHostProcess.js:80:2119)
	at n.fire (/usr/share/code/resources/app/out/vs/workbench/api/node/extensionHostProcess.js:105:14073)
	at g.value (/usr/share/code/resources/app/out/vs/workbench/api/node/extensionHostProcess.js:173:8051)
	at r.y (/usr/share/code/resources/app/out/vs/workbench/api/node/extensionHostProcess.js:80:1902)
	at r.fire (/usr/share/code/resources/app/out/vs/workbench/api/node/extensionHostProcess.js:80:2119)
	at n.fire (/usr/share/code/resources/app/out/vs/workbench/api/node/extensionHostProcess.js:105:14073)
	at MessagePortMain.<anonymous> (/usr/share/code/resources/app/out/vs/workbench/api/node/extensionHostProcess.js:173:6331)
	at MessagePortMain.emit (node:events:514:28)
	at Object.emit (node:electron/js2c/utility_init:2:2285)
2024-02-21 20:06:46.326 [error] Error: [ExtensionListenerError] Extension 'cliffordfajardo.highlight-line-vscode' FAILED to handle event
	at g.value (/usr/share/code/resources/app/out/vs/workbench/api/node/extensionHostProcess.js:160:19758)
	at r.y (/usr/share/code/resources/app/out/vs/workbench/api/node/extensionHostProcess.js:80:1902)
	at r.z (/usr/share/code/resources/app/out/vs/workbench/api/node/extensionHostProcess.js:80:1972)
	at r.fire (/usr/share/code/resources/app/out/vs/workbench/api/node/extensionHostProcess.js:80:2188)
	at g.value (/usr/share/code/resources/app/out/vs/workbench/api/node/extensionHostProcess.js:152:26595)
	at r.y (/usr/share/code/resources/app/out/vs/workbench/api/node/extensionHostProcess.js:80:1902)
	at r.fire (/usr/share/code/resources/app/out/vs/workbench/api/node/extensionHostProcess.js:80:2119)
	at i.acceptDocumentsAndEditorsDelta (/usr/share/code/resources/app/out/vs/workbench/api/node/extensionHostProcess.js:152:25486)
	at i.$acceptDocumentsAndEditorsDelta (/usr/share/code/resources/app/out/vs/workbench/api/node/extensionHostProcess.js:152:23857)
	at d.S (/usr/share/code/resources/app/out/vs/workbench/api/node/extensionHostProcess.js:147:5520)
	at d.Q (/usr/share/code/resources/app/out/vs/workbench/api/node/extensionHostProcess.js:147:5286)
	at d.M (/usr/share/code/resources/app/out/vs/workbench/api/node/extensionHostProcess.js:147:4376)
	at d.L (/usr/share/code/resources/app/out/vs/workbench/api/node/extensionHostProcess.js:147:3455)
	at g.value (/usr/share/code/resources/app/out/vs/workbench/api/node/extensionHostProcess.js:147:2242)
	at r.y (/usr/share/code/resources/app/out/vs/workbench/api/node/extensionHostProcess.js:80:1902)
	at r.fire (/usr/share/code/resources/app/out/vs/workbench/api/node/extensionHostProcess.js:80:2119)
	at n.fire (/usr/share/code/resources/app/out/vs/workbench/api/node/extensionHostProcess.js:105:14073)
	at g.value (/usr/share/code/resources/app/out/vs/workbench/api/node/extensionHostProcess.js:173:8051)
	at r.y (/usr/share/code/resources/app/out/vs/workbench/api/node/extensionHostProcess.js:80:1902)
	at r.fire (/usr/share/code/resources/app/out/vs/workbench/api/node/extensionHostProcess.js:80:2119)
	at n.fire (/usr/share/code/resources/app/out/vs/workbench/api/node/extensionHostProcess.js:105:14073)
	at MessagePortMain.<anonymous> (/usr/share/code/resources/app/out/vs/workbench/api/node/extensionHostProcess.js:173:6331)
	at MessagePortMain.emit (node:events:514:28)
	at Object.emit (node:electron/js2c/utility_init:2:2285)
2024-02-21 20:12:39.465 [error] Error: [ExtensionListenerError] Extension 'cliffordfajardo.highlight-line-vscode' FAILED to handle event
	at g.value (/usr/share/code/resources/app/out/vs/workbench/api/node/extensionHostProcess.js:160:19758)
	at r.y (/usr/share/code/resources/app/out/vs/workbench/api/node/extensionHostProcess.js:80:1902)
	at r.z (/usr/share/code/resources/app/out/vs/workbench/api/node/extensionHostProcess.js:80:1972)
	at r.fire (/usr/share/code/resources/app/out/vs/workbench/api/node/extensionHostProcess.js:80:2188)
	at g.value (/usr/share/code/resources/app/out/vs/workbench/api/node/extensionHostProcess.js:152:26595)
	at r.y (/usr/share/code/resources/app/out/vs/workbench/api/node/extensionHostProcess.js:80:1902)
	at r.fire (/usr/share/code/resources/app/out/vs/workbench/api/node/extensionHostProcess.js:80:2119)
	at i.acceptDocumentsAndEditorsDelta (/usr/share/code/resources/app/out/vs/workbench/api/node/extensionHostProcess.js:152:25486)
	at i.$acceptDocumentsAndEditorsDelta (/usr/share/code/resources/app/out/vs/workbench/api/node/extensionHostProcess.js:152:23857)
	at d.S (/usr/share/code/resources/app/out/vs/workbench/api/node/extensionHostProcess.js:147:5520)
	at d.Q (/usr/share/code/resources/app/out/vs/workbench/api/node/extensionHostProcess.js:147:5286)
	at d.M (/usr/share/code/resources/app/out/vs/workbench/api/node/extensionHostProcess.js:147:4376)
	at d.L (/usr/share/code/resources/app/out/vs/workbench/api/node/extensionHostProcess.js:147:3455)
	at g.value (/usr/share/code/resources/app/out/vs/workbench/api/node/extensionHostProcess.js:147:2242)
	at r.y (/usr/share/code/resources/app/out/vs/workbench/api/node/extensionHostProcess.js:80:1902)
	at r.fire (/usr/share/code/resources/app/out/vs/workbench/api/node/extensionHostProcess.js:80:2119)
	at n.fire (/usr/share/code/resources/app/out/vs/workbench/api/node/extensionHostProcess.js:105:14073)
	at g.value (/usr/share/code/resources/app/out/vs/workbench/api/node/extensionHostProcess.js:173:8051)
	at r.y (/usr/share/code/resources/app/out/vs/workbench/api/node/extensionHostProcess.js:80:1902)
	at r.fire (/usr/share/code/resources/app/out/vs/workbench/api/node/extensionHostProcess.js:80:2119)
	at n.fire (/usr/share/code/resources/app/out/vs/workbench/api/node/extensionHostProcess.js:105:14073)
	at MessagePortMain.<anonymous> (/usr/share/code/resources/app/out/vs/workbench/api/node/extensionHostProcess.js:173:6331)
	at MessagePortMain.emit (node:events:514:28)
	at Object.emit (node:electron/js2c/utility_init:2:2285)
2024-02-21 20:12:55.632 [error] Error: [ExtensionListenerError] Extension 'cliffordfajardo.highlight-line-vscode' FAILED to handle event
	at g.value (/usr/share/code/resources/app/out/vs/workbench/api/node/extensionHostProcess.js:160:19758)
	at r.y (/usr/share/code/resources/app/out/vs/workbench/api/node/extensionHostProcess.js:80:1902)
	at r.z (/usr/share/code/resources/app/out/vs/workbench/api/node/extensionHostProcess.js:80:1972)
	at r.fire (/usr/share/code/resources/app/out/vs/workbench/api/node/extensionHostProcess.js:80:2188)
	at g.value (/usr/share/code/resources/app/out/vs/workbench/api/node/extensionHostProcess.js:152:26595)
	at r.y (/usr/share/code/resources/app/out/vs/workbench/api/node/extensionHostProcess.js:80:1902)
	at r.fire (/usr/share/code/resources/app/out/vs/workbench/api/node/extensionHostProcess.js:80:2119)
	at i.acceptDocumentsAndEditorsDelta (/usr/share/code/resources/app/out/vs/workbench/api/node/extensionHostProcess.js:152:25486)
	at i.$acceptDocumentsAndEditorsDelta (/usr/share/code/resources/app/out/vs/workbench/api/node/extensionHostProcess.js:152:23857)
	at d.S (/usr/share/code/resources/app/out/vs/workbench/api/node/extensionHostProcess.js:147:5520)
	at d.Q (/usr/share/code/resources/app/out/vs/workbench/api/node/extensionHostProcess.js:147:5286)
	at d.M (/usr/share/code/resources/app/out/vs/workbench/api/node/extensionHostProcess.js:147:4376)
	at d.L (/usr/share/code/resources/app/out/vs/workbench/api/node/extensionHostProcess.js:147:3455)
	at g.value (/usr/share/code/resources/app/out/vs/workbench/api/node/extensionHostProcess.js:147:2242)
	at r.y (/usr/share/code/resources/app/out/vs/workbench/api/node/extensionHostProcess.js:80:1902)
	at r.fire (/usr/share/code/resources/app/out/vs/workbench/api/node/extensionHostProcess.js:80:2119)
	at n.fire (/usr/share/code/resources/app/out/vs/workbench/api/node/extensionHostProcess.js:105:14073)
	at g.value (/usr/share/code/resources/app/out/vs/workbench/api/node/extensionHostProcess.js:173:8051)
	at r.y (/usr/share/code/resources/app/out/vs/workbench/api/node/extensionHostProcess.js:80:1902)
	at r.fire (/usr/share/code/resources/app/out/vs/workbench/api/node/extensionHostProcess.js:80:2119)
	at n.fire (/usr/share/code/resources/app/out/vs/workbench/api/node/extensionHostProcess.js:105:14073)
	at MessagePortMain.<anonymous> (/usr/share/code/resources/app/out/vs/workbench/api/node/extensionHostProcess.js:173:6331)
	at MessagePortMain.emit (node:events:514:28)
	at Object.emit (node:electron/js2c/utility_init:2:2285)
2024-02-21 20:12:57.092 [error] Error: [ExtensionListenerError] Extension 'cliffordfajardo.highlight-line-vscode' FAILED to handle event
	at g.value (/usr/share/code/resources/app/out/vs/workbench/api/node/extensionHostProcess.js:160:19758)
	at r.y (/usr/share/code/resources/app/out/vs/workbench/api/node/extensionHostProcess.js:80:1902)
	at r.z (/usr/share/code/resources/app/out/vs/workbench/api/node/extensionHostProcess.js:80:1972)
	at r.fire (/usr/share/code/resources/app/out/vs/workbench/api/node/extensionHostProcess.js:80:2188)
	at g.value (/usr/share/code/resources/app/out/vs/workbench/api/node/extensionHostProcess.js:152:26595)
	at r.y (/usr/share/code/resources/app/out/vs/workbench/api/node/extensionHostProcess.js:80:1902)
	at r.fire (/usr/share/code/resources/app/out/vs/workbench/api/node/extensionHostProcess.js:80:2119)
	at i.acceptDocumentsAndEditorsDelta (/usr/share/code/resources/app/out/vs/workbench/api/node/extensionHostProcess.js:152:25486)
	at i.$acceptDocumentsAndEditorsDelta (/usr/share/code/resources/app/out/vs/workbench/api/node/extensionHostProcess.js:152:23857)
	at d.S (/usr/share/code/resources/app/out/vs/workbench/api/node/extensionHostProcess.js:147:5520)
	at d.Q (/usr/share/code/resources/app/out/vs/workbench/api/node/extensionHostProcess.js:147:5286)
	at d.M (/usr/share/code/resources/app/out/vs/workbench/api/node/extensionHostProcess.js:147:4376)
	at d.L (/usr/share/code/resources/app/out/vs/workbench/api/node/extensionHostProcess.js:147:3455)
	at g.value (/usr/share/code/resources/app/out/vs/workbench/api/node/extensionHostProcess.js:147:2242)
	at r.y (/usr/share/code/resources/app/out/vs/workbench/api/node/extensionHostProcess.js:80:1902)
	at r.fire (/usr/share/code/resources/app/out/vs/workbench/api/node/extensionHostProcess.js:80:2119)
	at n.fire (/usr/share/code/resources/app/out/vs/workbench/api/node/extensionHostProcess.js:105:14073)
	at g.value (/usr/share/code/resources/app/out/vs/workbench/api/node/extensionHostProcess.js:173:8051)
	at r.y (/usr/share/code/resources/app/out/vs/workbench/api/node/extensionHostProcess.js:80:1902)
	at r.fire (/usr/share/code/resources/app/out/vs/workbench/api/node/extensionHostProcess.js:80:2119)
	at n.fire (/usr/share/code/resources/app/out/vs/workbench/api/node/extensionHostProcess.js:105:14073)
	at MessagePortMain.<anonymous> (/usr/share/code/resources/app/out/vs/workbench/api/node/extensionHostProcess.js:173:6331)
	at MessagePortMain.emit (node:events:514:28)
	at Object.emit (node:electron/js2c/utility_init:2:2285)
2024-02-21 20:13:34.898 [error] Error: [ExtensionListenerError] Extension 'cliffordfajardo.highlight-line-vscode' FAILED to handle event
	at g.value (/usr/share/code/resources/app/out/vs/workbench/api/node/extensionHostProcess.js:160:19758)
	at r.y (/usr/share/code/resources/app/out/vs/workbench/api/node/extensionHostProcess.js:80:1902)
	at r.z (/usr/share/code/resources/app/out/vs/workbench/api/node/extensionHostProcess.js:80:1972)
	at r.fire (/usr/share/code/resources/app/out/vs/workbench/api/node/extensionHostProcess.js:80:2188)
	at g.value (/usr/share/code/resources/app/out/vs/workbench/api/node/extensionHostProcess.js:152:26595)
	at r.y (/usr/share/code/resources/app/out/vs/workbench/api/node/extensionHostProcess.js:80:1902)
	at r.fire (/usr/share/code/resources/app/out/vs/workbench/api/node/extensionHostProcess.js:80:2119)
	at i.acceptDocumentsAndEditorsDelta (/usr/share/code/resources/app/out/vs/workbench/api/node/extensionHostProcess.js:152:25486)
	at i.$acceptDocumentsAndEditorsDelta (/usr/share/code/resources/app/out/vs/workbench/api/node/extensionHostProcess.js:152:23857)
	at d.S (/usr/share/code/resources/app/out/vs/workbench/api/node/extensionHostProcess.js:147:5520)
	at d.Q (/usr/share/code/resources/app/out/vs/workbench/api/node/extensionHostProcess.js:147:5286)
	at d.M (/usr/share/code/resources/app/out/vs/workbench/api/node/extensionHostProcess.js:147:4376)
	at d.L (/usr/share/code/resources/app/out/vs/workbench/api/node/extensionHostProcess.js:147:3455)
	at g.value (/usr/share/code/resources/app/out/vs/workbench/api/node/extensionHostProcess.js:147:2242)
	at r.y (/usr/share/code/resources/app/out/vs/workbench/api/node/extensionHostProcess.js:80:1902)
	at r.fire (/usr/share/code/resources/app/out/vs/workbench/api/node/extensionHostProcess.js:80:2119)
	at n.fire (/usr/share/code/resources/app/out/vs/workbench/api/node/extensionHostProcess.js:105:14073)
	at g.value (/usr/share/code/resources/app/out/vs/workbench/api/node/extensionHostProcess.js:173:8051)
	at r.y (/usr/share/code/resources/app/out/vs/workbench/api/node/extensionHostProcess.js:80:1902)
	at r.fire (/usr/share/code/resources/app/out/vs/workbench/api/node/extensionHostProcess.js:80:2119)
	at n.fire (/usr/share/code/resources/app/out/vs/workbench/api/node/extensionHostProcess.js:105:14073)
	at MessagePortMain.<anonymous> (/usr/share/code/resources/app/out/vs/workbench/api/node/extensionHostProcess.js:173:6331)
	at MessagePortMain.emit (node:events:514:28)
	at Object.emit (node:electron/js2c/utility_init:2:2285)
2024-02-21 20:14:47.113 [error] Error: [ExtensionListenerError] Extension 'cliffordfajardo.highlight-line-vscode' FAILED to handle event
	at g.value (/usr/share/code/resources/app/out/vs/workbench/api/node/extensionHostProcess.js:160:19758)
	at r.y (/usr/share/code/resources/app/out/vs/workbench/api/node/extensionHostProcess.js:80:1902)
	at r.z (/usr/share/code/resources/app/out/vs/workbench/api/node/extensionHostProcess.js:80:1972)
	at r.fire (/usr/share/code/resources/app/out/vs/workbench/api/node/extensionHostProcess.js:80:2188)
	at g.value (/usr/share/code/resources/app/out/vs/workbench/api/node/extensionHostProcess.js:152:26595)
	at r.y (/usr/share/code/resources/app/out/vs/workbench/api/node/extensionHostProcess.js:80:1902)
	at r.fire (/usr/share/code/resources/app/out/vs/workbench/api/node/extensionHostProcess.js:80:2119)
	at i.acceptDocumentsAndEditorsDelta (/usr/share/code/resources/app/out/vs/workbench/api/node/extensionHostProcess.js:152:25486)
	at i.$acceptDocumentsAndEditorsDelta (/usr/share/code/resources/app/out/vs/workbench/api/node/extensionHostProcess.js:152:23857)
	at d.S (/usr/share/code/resources/app/out/vs/workbench/api/node/extensionHostProcess.js:147:5520)
	at d.Q (/usr/share/code/resources/app/out/vs/workbench/api/node/extensionHostProcess.js:147:5286)
	at d.M (/usr/share/code/resources/app/out/vs/workbench/api/node/extensionHostProcess.js:147:4376)
	at d.L (/usr/share/code/resources/app/out/vs/workbench/api/node/extensionHostProcess.js:147:3455)
	at g.value (/usr/share/code/resources/app/out/vs/workbench/api/node/extensionHostProcess.js:147:2242)
	at r.y (/usr/share/code/resources/app/out/vs/workbench/api/node/extensionHostProcess.js:80:1902)
	at r.fire (/usr/share/code/resources/app/out/vs/workbench/api/node/extensionHostProcess.js:80:2119)
	at n.fire (/usr/share/code/resources/app/out/vs/workbench/api/node/extensionHostProcess.js:105:14073)
	at g.value (/usr/share/code/resources/app/out/vs/workbench/api/node/extensionHostProcess.js:173:8051)
	at r.y (/usr/share/code/resources/app/out/vs/workbench/api/node/extensionHostProcess.js:80:1902)
	at r.fire (/usr/share/code/resources/app/out/vs/workbench/api/node/extensionHostProcess.js:80:2119)
	at n.fire (/usr/share/code/resources/app/out/vs/workbench/api/node/extensionHostProcess.js:105:14073)
	at MessagePortMain.<anonymous> (/usr/share/code/resources/app/out/vs/workbench/api/node/extensionHostProcess.js:173:6331)
	at MessagePortMain.emit (node:events:514:28)
	at Object.emit (node:electron/js2c/utility_init:2:2285)
2024-02-21 20:15:13.461 [error] Error: [ExtensionListenerError] Extension 'cliffordfajardo.highlight-line-vscode' FAILED to handle event
	at g.value (/usr/share/code/resources/app/out/vs/workbench/api/node/extensionHostProcess.js:160:19758)
	at r.y (/usr/share/code/resources/app/out/vs/workbench/api/node/extensionHostProcess.js:80:1902)
	at r.z (/usr/share/code/resources/app/out/vs/workbench/api/node/extensionHostProcess.js:80:1972)
	at r.fire (/usr/share/code/resources/app/out/vs/workbench/api/node/extensionHostProcess.js:80:2188)
	at g.value (/usr/share/code/resources/app/out/vs/workbench/api/node/extensionHostProcess.js:152:26595)
	at r.y (/usr/share/code/resources/app/out/vs/workbench/api/node/extensionHostProcess.js:80:1902)
	at r.fire (/usr/share/code/resources/app/out/vs/workbench/api/node/extensionHostProcess.js:80:2119)
	at i.acceptDocumentsAndEditorsDelta (/usr/share/code/resources/app/out/vs/workbench/api/node/extensionHostProcess.js:152:25486)
	at i.$acceptDocumentsAndEditorsDelta (/usr/share/code/resources/app/out/vs/workbench/api/node/extensionHostProcess.js:152:23857)
	at d.S (/usr/share/code/resources/app/out/vs/workbench/api/node/extensionHostProcess.js:147:5520)
	at d.Q (/usr/share/code/resources/app/out/vs/workbench/api/node/extensionHostProcess.js:147:5286)
	at d.M (/usr/share/code/resources/app/out/vs/workbench/api/node/extensionHostProcess.js:147:4376)
	at d.L (/usr/share/code/resources/app/out/vs/workbench/api/node/extensionHostProcess.js:147:3455)
	at g.value (/usr/share/code/resources/app/out/vs/workbench/api/node/extensionHostProcess.js:147:2242)
	at r.y (/usr/share/code/resources/app/out/vs/workbench/api/node/extensionHostProcess.js:80:1902)
	at r.fire (/usr/share/code/resources/app/out/vs/workbench/api/node/extensionHostProcess.js:80:2119)
	at n.fire (/usr/share/code/resources/app/out/vs/workbench/api/node/extensionHostProcess.js:105:14073)
	at g.value (/usr/share/code/resources/app/out/vs/workbench/api/node/extensionHostProcess.js:173:8051)
	at r.y (/usr/share/code/resources/app/out/vs/workbench/api/node/extensionHostProcess.js:80:1902)
	at r.fire (/usr/share/code/resources/app/out/vs/workbench/api/node/extensionHostProcess.js:80:2119)
	at n.fire (/usr/share/code/resources/app/out/vs/workbench/api/node/extensionHostProcess.js:105:14073)
	at MessagePortMain.<anonymous> (/usr/share/code/resources/app/out/vs/workbench/api/node/extensionHostProcess.js:173:6331)
	at MessagePortMain.emit (node:events:514:28)
	at Object.emit (node:electron/js2c/utility_init:2:2285)
2024-02-21 20:15:57.572 [error] Error: [ExtensionListenerError] Extension 'cliffordfajardo.highlight-line-vscode' FAILED to handle event
	at g.value (/usr/share/code/resources/app/out/vs/workbench/api/node/extensionHostProcess.js:160:19758)
	at r.y (/usr/share/code/resources/app/out/vs/workbench/api/node/extensionHostProcess.js:80:1902)
	at r.z (/usr/share/code/resources/app/out/vs/workbench/api/node/extensionHostProcess.js:80:1972)
	at r.fire (/usr/share/code/resources/app/out/vs/workbench/api/node/extensionHostProcess.js:80:2188)
	at g.value (/usr/share/code/resources/app/out/vs/workbench/api/node/extensionHostProcess.js:152:26595)
	at r.y (/usr/share/code/resources/app/out/vs/workbench/api/node/extensionHostProcess.js:80:1902)
	at r.fire (/usr/share/code/resources/app/out/vs/workbench/api/node/extensionHostProcess.js:80:2119)
	at i.acceptDocumentsAndEditorsDelta (/usr/share/code/resources/app/out/vs/workbench/api/node/extensionHostProcess.js:152:25486)
	at i.$acceptDocumentsAndEditorsDelta (/usr/share/code/resources/app/out/vs/workbench/api/node/extensionHostProcess.js:152:23857)
	at d.S (/usr/share/code/resources/app/out/vs/workbench/api/node/extensionHostProcess.js:147:5520)
	at d.Q (/usr/share/code/resources/app/out/vs/workbench/api/node/extensionHostProcess.js:147:5286)
	at d.M (/usr/share/code/resources/app/out/vs/workbench/api/node/extensionHostProcess.js:147:4376)
	at d.L (/usr/share/code/resources/app/out/vs/workbench/api/node/extensionHostProcess.js:147:3455)
	at g.value (/usr/share/code/resources/app/out/vs/workbench/api/node/extensionHostProcess.js:147:2242)
	at r.y (/usr/share/code/resources/app/out/vs/workbench/api/node/extensionHostProcess.js:80:1902)
	at r.fire (/usr/share/code/resources/app/out/vs/workbench/api/node/extensionHostProcess.js:80:2119)
	at n.fire (/usr/share/code/resources/app/out/vs/workbench/api/node/extensionHostProcess.js:105:14073)
	at g.value (/usr/share/code/resources/app/out/vs/workbench/api/node/extensionHostProcess.js:173:8051)
	at r.y (/usr/share/code/resources/app/out/vs/workbench/api/node/extensionHostProcess.js:80:1902)
	at r.fire (/usr/share/code/resources/app/out/vs/workbench/api/node/extensionHostProcess.js:80:2119)
	at n.fire (/usr/share/code/resources/app/out/vs/workbench/api/node/extensionHostProcess.js:105:14073)
	at MessagePortMain.<anonymous> (/usr/share/code/resources/app/out/vs/workbench/api/node/extensionHostProcess.js:173:6331)
	at MessagePortMain.emit (node:events:514:28)
	at Object.emit (node:electron/js2c/utility_init:2:2285)
2024-02-21 20:31:04.674 [info] Extension host terminating: renderer closed the MessagePort
2024-02-21 20:31:04.688 [info] Extension host with pid 7426 exiting with code 0
