2024-02-21 20:33:41.707 [info] Log level: Info
2024-02-21 20:33:41.707 [info] Validating found git in: "git"
2024-02-21 20:33:41.707 [info] Using git "2.39.2" from "git"
2024-02-21 20:33:41.707 [info] > git rev-parse --show-toplevel [1ms]
2024-02-21 20:33:41.707 [info] fatal: not a git repository (or any of the parent directories): .git
2024-02-21 20:33:41.707 [info] > git rev-parse --show-toplevel [1ms]
2024-02-21 20:33:41.707 [info] fatal: not a git repository (or any of the parent directories): .git
2024-02-21 20:33:41.707 [info] > git rev-parse --show-toplevel [1ms]
2024-02-21 20:33:41.707 [info] fatal: not a git repository (or any of the parent directories): .git
2024-02-21 20:33:41.707 [info] > git rev-parse --show-toplevel [2ms]
2024-02-21 20:33:41.707 [info] fatal: not a git repository (or any of the parent directories): .git
2024-02-21 20:33:41.707 [info] > git rev-parse --show-toplevel [2ms]
2024-02-21 20:33:41.707 [info] fatal: not a git repository (or any of the parent directories): .git
2024-02-21 20:33:41.707 [info] > git rev-parse --show-toplevel [3ms]
2024-02-21 20:33:41.707 [info] fatal: not a git repository (or any of the parent directories): .git
2024-02-21 20:33:41.708 [info] > git rev-parse --show-toplevel [1ms]
2024-02-21 20:33:41.708 [info] fatal: not a git repository (or any of the parent directories): .git
2024-02-21 20:33:41.710 [info] > git rev-parse --show-toplevel [0ms]
2024-02-21 20:33:41.710 [info] fatal: not a git repository (or any of the parent directories): .git
2024-02-21 20:33:41.713 [info] > git rev-parse --show-toplevel [1ms]
2024-02-21 20:33:41.713 [info] fatal: not a git repository (or any of the parent directories): .git
2024-02-21 20:33:41.729 [info] > git rev-parse --show-toplevel [14ms]
2024-02-21 20:33:41.729 [info] fatal: not a git repository (or any of the parent directories): .git
2024-02-21 20:33:41.835 [info] > git rev-parse --show-toplevel [10ms]
2024-02-21 20:33:41.835 [info] fatal: not a git repository (or any of the parent directories): .git
2024-02-21 20:33:41.840 [info] > git rev-parse --show-toplevel [1ms]
2024-02-21 20:33:41.840 [info] fatal: not a git repository (or any of the parent directories): .git
2024-02-21 20:33:41.934 [info] > git rev-parse --show-toplevel [5ms]
2024-02-21 20:33:41.934 [info] fatal: not a git repository (or any of the parent directories): .git
2024-02-21 20:33:41.960 [info] > git rev-parse --show-toplevel [22ms]
2024-02-21 20:33:41.960 [info] fatal: not a git repository (or any of the parent directories): .git
2024-02-21 20:33:42.021 [info] > git rev-parse --show-toplevel [17ms]
2024-02-21 20:33:42.021 [info] fatal: not a git repository (or any of the parent directories): .git
2024-02-21 20:35:04.117 [info] > git rev-parse --show-toplevel [1ms]
2024-02-21 20:35:04.118 [info] fatal: not a git repository (or any of the parent directories): .git
2024-02-21 20:35:28.642 [info] > git rev-parse --show-toplevel [1ms]
2024-02-21 20:35:28.642 [info] fatal: not a git repository (or any of the parent directories): .git
2024-02-21 20:46:15.806 [info] > git rev-parse --show-toplevel [1ms]
2024-02-21 20:46:15.806 [info] fatal: not a git repository (or any of the parent directories): .git
2024-02-21 20:47:40.171 [info] > git rev-parse --show-toplevel [0ms]
2024-02-21 20:47:40.171 [info] fatal: not a git repository (or any of the parent directories): .git
2024-02-21 20:48:40.453 [info] > git rev-parse --show-toplevel [1ms]
2024-02-21 20:48:40.453 [info] fatal: not a git repository (or any of the parent directories): .git
2024-02-21 20:49:27.106 [info] > git rev-parse --show-toplevel [1ms]
2024-02-21 20:49:27.106 [info] fatal: not a git repository (or any of the parent directories): .git
2024-02-21 21:01:42.676 [info] > git rev-parse --show-toplevel [1ms]
2024-02-21 21:01:42.676 [info] fatal: not a git repository (or any of the parent directories): .git
