2024-02-21 21:36:22.701 [info] Log level: Info
2024-02-21 21:36:22.701 [info] Validating found git in: "git"
2024-02-21 21:36:22.701 [info] Using git "2.39.2" from "git"
2024-02-21 21:36:22.701 [info] > git rev-parse --show-toplevel [2ms]
2024-02-21 21:36:22.701 [info] fatal: not a git repository (or any of the parent directories): .git
2024-02-21 21:36:22.701 [info] > git rev-parse --show-toplevel [6ms]
2024-02-21 21:36:22.701 [info] fatal: not a git repository (or any of the parent directories): .git
2024-02-21 21:36:22.702 [info] > git rev-parse --show-toplevel [5ms]
2024-02-21 21:36:22.702 [info] fatal: not a git repository (or any of the parent directories): .git
2024-02-21 21:36:22.709 [info] > git rev-parse --show-toplevel [0ms]
2024-02-21 21:36:22.709 [info] fatal: not a git repository (or any of the parent directories): .git
2024-02-21 21:36:22.712 [info] > git rev-parse --show-toplevel [1ms]
2024-02-21 21:36:22.712 [info] fatal: not a git repository (or any of the parent directories): .git
2024-02-21 21:36:22.718 [info] > git rev-parse --show-toplevel [4ms]
2024-02-21 21:36:22.718 [info] fatal: not a git repository (or any of the parent directories): .git
2024-02-21 21:36:22.803 [info] > git rev-parse --show-toplevel [82ms]
2024-02-21 21:36:22.803 [info] fatal: not a git repository (or any of the parent directories): .git
2024-02-21 21:36:22.834 [info] > git rev-parse --show-toplevel [4ms]
2024-02-21 21:36:22.834 [info] fatal: not a git repository (or any of the parent directories): .git
2024-02-21 21:36:22.838 [info] > git rev-parse --show-toplevel [1ms]
2024-02-21 21:36:22.838 [info] fatal: not a git repository (or any of the parent directories): .git
2024-02-21 21:36:22.852 [info] > git rev-parse --show-toplevel [11ms]
2024-02-21 21:36:22.852 [info] fatal: not a git repository (or any of the parent directories): .git
2024-02-21 21:36:22.856 [info] > git rev-parse --show-toplevel [1ms]
2024-02-21 21:36:22.856 [info] fatal: not a git repository (or any of the parent directories): .git
2024-02-21 21:36:22.896 [info] > git rev-parse --show-toplevel [36ms]
2024-02-21 21:36:22.896 [info] fatal: not a git repository (or any of the parent directories): .git
2024-02-21 21:36:22.910 [info] > git rev-parse --show-toplevel [11ms]
2024-02-21 21:36:22.910 [info] fatal: not a git repository (or any of the parent directories): .git
2024-02-21 21:36:22.938 [info] > git rev-parse --show-toplevel [1ms]
2024-02-21 21:36:22.938 [info] fatal: not a git repository (or any of the parent directories): .git
2024-02-21 21:36:22.970 [info] > git rev-parse --show-toplevel [29ms]
2024-02-21 21:36:22.970 [info] fatal: not a git repository (or any of the parent directories): .git
2024-02-21 21:36:23.013 [info] > git rev-parse --show-toplevel [39ms]
2024-02-21 21:36:23.013 [info] fatal: not a git repository (or any of the parent directories): .git
2024-02-21 21:36:23.031 [info] > git rev-parse --show-toplevel [2ms]
2024-02-21 21:36:23.031 [info] fatal: not a git repository (or any of the parent directories): .git
2024-02-21 21:36:23.103 [info] > git rev-parse --show-toplevel [1ms]
2024-02-21 21:36:23.103 [info] fatal: not a git repository (or any of the parent directories): .git
2024-02-21 21:36:33.232 [info] > git rev-parse --show-toplevel [1ms]
2024-02-21 21:36:33.232 [info] fatal: not a git repository (or any of the parent directories): .git
2024-02-21 21:42:05.318 [info] > git rev-parse --show-toplevel [1ms]
2024-02-21 21:42:05.319 [info] fatal: not a git repository (or any of the parent directories): .git
2024-02-21 21:48:36.104 [info] > git rev-parse --show-toplevel [1ms]
2024-02-21 21:48:36.104 [info] fatal: not a git repository (or any of the parent directories): .git
