Initializing document watcher...
.config/gpick/settings.xml: {}
.config/i3/config: {}
.config/i3/config: Using EditorConfig core...
.config/i3/config: {}
.config/i3/config: {}
.config/i3/config: {}
.config/i3/config: {}
.config/user-dirs.locale: {}
.config/user-dirs.dirs: {}
.config/user-dirs.dirs: {}
.config/user-dirs.dirs: {}
.config/picom/picom.conf: {}
.config/picom/picom.conf: {}
.config/picom/picom.conf: {}
.config/picom/picom.conf: {}
.config/picom/picom.conf: {}
.config/picom/picom.conf: {}
.config/picom/picom.conf: Using EditorConfig core...
.config/picom/picom.conf: {}
.config/picom/picom.conf: {}
.config/picom/picom.conf: {}
.config/picom/picom.conf: {}
.config/picom/picom.conf: {}
.config/picom/picom.conf: {}
.config/picom/picom.conf: {}
.config/picom/picom.conf: {}
.config/picom/picom.conf: Using EditorConfig core...
.config/picom/picom.conf: {}
.config/picom/picom.conf: {}
.config/picom/picom.conf: {}
.config/picom/picom.conf: Using EditorConfig core...
.config/picom/picom.conf: {}
.config/picom/picom.conf: {}
.config/kitty/kitty.conf: {}
.config/kitty/kitty.conf: Using EditorConfig core...
.config/kitty/kitty.conf: {}
.config/kitty/kitty.conf: {}
.config/kitty/kitty.conf: Using EditorConfig core...
.config/kitty/kitty.conf: {}
.config/kitty/kitty.conf: {}
.config/kitty/kitty.conf: Using EditorConfig core...
.config/kitty/kitty.conf: {}
.config/kitty/kitty.conf: {}
.config/kitty/kitty.conf: {}
.config/kitty/kitty.conf: {}
.config/kitty/kitty.conf: {}
.config/kitty/kitty.conf: Using EditorConfig core...
.config/kitty/kitty.conf: {}
