2024-02-21 21:54:40.872 [info] Using settings sync service https://vscode-sync.trafficmanager.net/
2024-02-21 21:54:40.872 [info] Auto Sync is enabled.
2024-02-21 21:54:40.872 [info] Auto Sync: Suspended until auth token is available.
2024-02-21 21:54:41.262 [info] Auto Sync: Triggered by Interval
2024-02-21 21:54:41.262 [info] Sync started.
2024-02-21 21:54:41.268 [info] Deleting non existing profile from backup /home/zrik/.config/Code/User/sync/extensions
2024-02-21 21:54:41.275 [info] Deleting non existing profile from backup /home/zrik/.config/Code/User/sync/globalState
2024-02-21 21:54:41.283 [info] Deleting non existing profile from backup /home/zrik/.config/Code/User/sync/keybindings
2024-02-21 21:54:41.301 [info] Deleting non existing profile from backup /home/zrik/.config/Code/User/sync/profiles
2024-02-21 21:54:41.322 [info] Deleting non existing profile from backup /home/zrik/.config/Code/User/sync/settings
2024-02-21 21:54:41.329 [info] Deleting non existing profile from backup /home/zrik/.config/Code/User/sync/snippets
2024-02-21 21:54:41.331 [info] Deleting non existing profile from backup /home/zrik/.config/Code/User/sync/tasks
2024-02-21 21:54:41.542 [info] Settings: Last sync resource does not exist locally.
2024-02-21 21:54:41.620 [info] Settings: No changes found during synchronizing settings.
2024-02-21 21:54:41.620 [info] Keybindings: Last sync resource does not exist locally.
2024-02-21 21:54:41.697 [info] Keybindings: No changes found during synchronizing keybindings.
2024-02-21 21:54:41.698 [info] Snippets: Last sync resource does not exist locally.
2024-02-21 21:54:41.756 [info] Snippets: No changes found during synchronizing snippets.
2024-02-21 21:54:41.757 [info] Tasks: Last sync resource does not exist locally.
2024-02-21 21:54:41.818 [info] Tasks: No changes found during synchronizing tasks.
2024-02-21 21:54:41.819 [info] GlobalState: Last sync resource does not exist locally.
2024-02-21 21:54:41.937 [info] GlobalState: No changes found during synchronizing ui state.
2024-02-21 21:54:41.937 [info] Extensions: Last sync resource does not exist locally.
2024-02-21 21:54:42.031 [info] Extensions: No changes found during synchronizing extensions.
2024-02-21 21:54:42.031 [info] Profiles: Last sync resource does not exist locally.
2024-02-21 21:54:42.091 [info] Profiles: No changes found during synchronizing profiles.
2024-02-21 21:54:42.092 [info] Sync done. Took 831ms
2024-02-21 21:55:05.881 [info] Auto Sync: Triggered by Activity
2024-02-21 21:55:05.881 [info] Sync started.
2024-02-21 21:55:05.959 [info] Settings: No changes found during synchronizing settings.
2024-02-21 21:55:05.963 [info] Keybindings: No changes found during synchronizing keybindings.
2024-02-21 21:55:05.970 [info] Snippets: No changes found during synchronizing snippets.
2024-02-21 21:55:05.971 [info] Tasks: No changes found during synchronizing tasks.
2024-02-21 21:55:05.975 [info] GlobalState: No changes found during synchronizing ui state.
2024-02-21 21:55:06.050 [info] Extensions: No changes found during synchronizing extensions.
2024-02-21 21:55:06.051 [info] Profiles: No changes found during synchronizing profiles.
2024-02-21 21:55:06.052 [info] Sync done. Took 173ms
2024-02-21 21:59:19.749 [info] Auto Sync: Triggered by Activity
2024-02-21 21:59:19.750 [info] Sync started.
2024-02-21 21:59:20.020 [info] Settings: No changes found during synchronizing settings.
2024-02-21 21:59:20.023 [info] Keybindings: No changes found during synchronizing keybindings.
2024-02-21 21:59:20.024 [info] Snippets: No changes found during synchronizing snippets.
2024-02-21 21:59:20.026 [info] Tasks: No changes found during synchronizing tasks.
2024-02-21 21:59:20.038 [info] GlobalState: No changes found during synchronizing ui state.
2024-02-21 21:59:20.109 [info] Extensions: No changes found during synchronizing extensions.
2024-02-21 21:59:20.109 [info] Profiles: No changes found during synchronizing profiles.
2024-02-21 21:59:20.110 [info] Sync done. Took 362ms
2024-02-21 21:59:34.855 [info] Auto Sync: Triggered by Activity
2024-02-21 21:59:34.855 [info] Sync started.
2024-02-21 21:59:34.934 [info] Settings: No changes found during synchronizing settings.
2024-02-21 21:59:34.937 [info] Keybindings: No changes found during synchronizing keybindings.
2024-02-21 21:59:34.940 [info] Snippets: No changes found during synchronizing snippets.
2024-02-21 21:59:34.942 [info] Tasks: No changes found during synchronizing tasks.
2024-02-21 21:59:34.945 [info] GlobalState: No changes found during synchronizing ui state.
2024-02-21 21:59:34.986 [info] Extensions: No changes found during synchronizing extensions.
2024-02-21 21:59:34.986 [info] Profiles: No changes found during synchronizing profiles.
2024-02-21 21:59:34.987 [info] Sync done. Took 131ms
2024-02-21 22:00:02.224 [info] Auto Sync: Triggered by Activity
2024-02-21 22:00:02.225 [info] Sync started.
2024-02-21 22:00:02.312 [info] Settings: No changes found during synchronizing settings.
2024-02-21 22:00:02.316 [info] Keybindings: No changes found during synchronizing keybindings.
2024-02-21 22:00:02.319 [info] Snippets: No changes found during synchronizing snippets.
2024-02-21 22:00:02.320 [info] Tasks: No changes found during synchronizing tasks.
2024-02-21 22:00:02.323 [info] GlobalState: No changes found during synchronizing ui state.
2024-02-21 22:00:02.359 [info] Extensions: No changes found during synchronizing extensions.
2024-02-21 22:00:02.360 [info] Profiles: No changes found during synchronizing profiles.
2024-02-21 22:00:02.360 [info] Sync done. Took 137ms
2024-02-21 22:00:27.124 [info] Auto Sync: Triggered by Activity
2024-02-21 22:00:27.124 [info] Sync started.
2024-02-21 22:00:27.208 [info] Settings: No changes found during synchronizing settings.
2024-02-21 22:00:27.211 [info] Keybindings: No changes found during synchronizing keybindings.
2024-02-21 22:00:27.212 [info] Snippets: No changes found during synchronizing snippets.
2024-02-21 22:00:27.213 [info] Tasks: No changes found during synchronizing tasks.
2024-02-21 22:00:27.215 [info] GlobalState: No changes found during synchronizing ui state.
2024-02-21 22:00:27.251 [info] Extensions: No changes found during synchronizing extensions.
2024-02-21 22:00:27.251 [info] Profiles: No changes found during synchronizing profiles.
2024-02-21 22:00:27.252 [info] Sync done. Took 129ms
2024-02-21 22:01:47.495 [info] Auto Sync: Triggered by Activity
2024-02-21 22:01:47.495 [info] Sync started.
2024-02-21 22:01:47.572 [info] Settings: No changes found during synchronizing settings.
2024-02-21 22:01:47.576 [info] Keybindings: No changes found during synchronizing keybindings.
2024-02-21 22:01:47.578 [info] Snippets: No changes found during synchronizing snippets.
2024-02-21 22:01:47.580 [info] Tasks: No changes found during synchronizing tasks.
2024-02-21 22:01:47.588 [info] GlobalState: No changes found during synchronizing ui state.
2024-02-21 22:01:47.634 [info] Extensions: No changes found during synchronizing extensions.
2024-02-21 22:01:47.634 [info] Profiles: No changes found during synchronizing profiles.
2024-02-21 22:01:47.635 [info] Sync done. Took 142ms
