2024-02-21 21:09:56.591 [info] Log level: Info
2024-02-21 21:09:56.591 [info] Validating found git in: "git"
2024-02-21 21:09:56.591 [info] Using git "2.39.2" from "git"
2024-02-21 21:09:56.591 [info] > git rev-parse --show-toplevel [2ms]
2024-02-21 21:09:56.591 [info] fatal: not a git repository (or any of the parent directories): .git
2024-02-21 21:09:56.591 [info] > git rev-parse --show-toplevel [2ms]
2024-02-21 21:09:56.591 [info] fatal: not a git repository (or any of the parent directories): .git
2024-02-21 21:09:56.591 [info] > git rev-parse --show-toplevel [38ms]
2024-02-21 21:09:56.591 [info] fatal: not a git repository (or any of the parent directories): .git
2024-02-21 21:09:56.596 [info] > git rev-parse --show-toplevel [1ms]
2024-02-21 21:09:56.596 [info] fatal: not a git repository (or any of the parent directories): .git
2024-02-21 21:09:56.601 [info] > git rev-parse --show-toplevel [1ms]
2024-02-21 21:09:56.601 [info] fatal: not a git repository (or any of the parent directories): .git
2024-02-21 21:09:56.621 [info] > git rev-parse --show-toplevel [16ms]
2024-02-21 21:09:56.621 [info] fatal: not a git repository (or any of the parent directories): .git
2024-02-21 21:09:56.669 [info] > git rev-parse --show-toplevel [42ms]
2024-02-21 21:09:56.669 [info] fatal: not a git repository (or any of the parent directories): .git
2024-02-21 21:09:56.679 [info] > git rev-parse --show-toplevel [5ms]
2024-02-21 21:09:56.679 [info] fatal: not a git repository (or any of the parent directories): .git
2024-02-21 21:09:56.684 [info] > git rev-parse --show-toplevel [1ms]
2024-02-21 21:09:56.684 [info] fatal: not a git repository (or any of the parent directories): .git
2024-02-21 21:09:56.716 [info] > git rev-parse --show-toplevel [20ms]
2024-02-21 21:09:56.716 [info] fatal: not a git repository (or any of the parent directories): .git
2024-02-21 21:09:56.775 [info] > git rev-parse --show-toplevel [15ms]
2024-02-21 21:09:56.775 [info] fatal: not a git repository (or any of the parent directories): .git
2024-02-21 21:09:56.781 [info] > git rev-parse --show-toplevel [1ms]
2024-02-21 21:09:56.781 [info] fatal: not a git repository (or any of the parent directories): .git
2024-02-21 21:09:56.785 [info] > git rev-parse --show-toplevel [1ms]
2024-02-21 21:09:56.785 [info] fatal: not a git repository (or any of the parent directories): .git
2024-02-21 21:09:56.789 [info] > git rev-parse --show-toplevel [1ms]
2024-02-21 21:09:56.789 [info] fatal: not a git repository (or any of the parent directories): .git
2024-02-21 21:09:56.828 [info] > git rev-parse --show-toplevel [1ms]
2024-02-21 21:09:56.828 [info] fatal: not a git repository (or any of the parent directories): .git
2024-02-21 21:10:11.962 [info] > git rev-parse --show-toplevel [1ms]
2024-02-21 21:10:11.962 [info] fatal: not a git repository (or any of the parent directories): .git
2024-02-21 21:10:15.247 [info] > git rev-parse --show-toplevel [0ms]
2024-02-21 21:10:15.247 [info] fatal: not a git repository (or any of the parent directories): .git
2024-02-21 21:11:34.440 [info] > git rev-parse --show-toplevel [1ms]
2024-02-21 21:11:34.440 [info] fatal: not a git repository (or any of the parent directories): .git
2024-02-21 21:11:35.136 [info] > git rev-parse --show-toplevel [2ms]
2024-02-21 21:11:35.136 [info] fatal: not a git repository (or any of the parent directories): .git
2024-02-21 21:12:01.325 [info] > git rev-parse --show-toplevel [1ms]
2024-02-21 21:12:01.325 [info] fatal: not a git repository (or any of the parent directories): .git
2024-02-21 21:15:35.502 [info] > git rev-parse --show-toplevel [1ms]
2024-02-21 21:15:35.502 [info] fatal: not a git repository (or any of the parent directories): .git
