2024-02-21 20:05:28.701 [info] Using settings sync service https://vscode-sync.trafficmanager.net/
2024-02-21 20:05:28.701 [info] Auto Sync is enabled.
2024-02-21 20:05:28.701 [info] Auto Sync: Suspended until auth token is available.
2024-02-21 20:05:28.949 [info] Deleting non existing profile from backup /home/zrik/.config/Code/User/sync/extensions
2024-02-21 20:05:28.964 [info] Deleting non existing profile from backup /home/zrik/.config/Code/User/sync/globalState
2024-02-21 20:05:28.987 [info] Deleting non existing profile from backup /home/zrik/.config/Code/User/sync/keybindings
2024-02-21 20:05:28.997 [info] Deleting non existing profile from backup /home/zrik/.config/Code/User/sync/profiles
2024-02-21 20:05:29.003 [info] Deleting non existing profile from backup /home/zrik/.config/Code/User/sync/settings
2024-02-21 20:05:29.008 [info] Deleting non existing profile from backup /home/zrik/.config/Code/User/sync/snippets
2024-02-21 20:05:29.027 [info] Deleting non existing profile from backup /home/zrik/.config/Code/User/sync/tasks
2024-02-21 20:05:29.372 [info] Auto Sync: Triggered by Interval
2024-02-21 20:05:29.372 [info] Sync started.
2024-02-21 20:05:29.712 [info] Settings: Last sync resource does not exist locally.
2024-02-21 20:05:29.811 [info] Settings: No changes found during synchronizing settings.
2024-02-21 20:05:29.812 [info] Keybindings: Last sync resource does not exist locally.
2024-02-21 20:05:29.875 [info] Keybindings: No changes found during synchronizing keybindings.
2024-02-21 20:05:29.876 [info] Snippets: Last sync resource does not exist locally.
2024-02-21 20:05:29.932 [info] Snippets: No changes found during synchronizing snippets.
2024-02-21 20:05:29.932 [info] Tasks: Last sync resource does not exist locally.
2024-02-21 20:05:29.997 [info] Tasks: No changes found during synchronizing tasks.
2024-02-21 20:05:29.998 [info] GlobalState: Last sync resource does not exist locally.
2024-02-21 20:05:30.132 [info] GlobalState: No changes found during synchronizing ui state.
2024-02-21 20:05:30.134 [info] Extensions: Last sync resource does not exist locally.
2024-02-21 20:05:30.255 [info] Extensions: No changes found during synchronizing extensions.
2024-02-21 20:05:30.257 [info] Profiles: Last sync resource does not exist locally.
2024-02-21 20:05:30.316 [info] Profiles: No changes found during synchronizing profiles.
2024-02-21 20:05:30.321 [info] Sync done. Took 947ms
2024-02-21 20:05:51.763 [info] Auto Sync: Triggered by Activity
2024-02-21 20:05:51.764 [info] Sync started.
2024-02-21 20:05:51.845 [info] Settings: No changes found during synchronizing settings.
2024-02-21 20:05:51.850 [info] Keybindings: No changes found during synchronizing keybindings.
2024-02-21 20:05:51.854 [info] Snippets: No changes found during synchronizing snippets.
2024-02-21 20:05:51.856 [info] Tasks: No changes found during synchronizing tasks.
2024-02-21 20:05:51.859 [info] GlobalState: No changes found during synchronizing ui state.
2024-02-21 20:05:51.890 [info] Extensions: No changes found during synchronizing extensions.
2024-02-21 20:05:51.891 [info] Profiles: No changes found during synchronizing profiles.
2024-02-21 20:05:51.892 [info] Sync done. Took 129ms
2024-02-21 20:06:25.500 [info] Auto Sync: Triggered by Activity
2024-02-21 20:06:25.500 [info] Sync started.
2024-02-21 20:06:25.592 [info] Settings: No changes found during synchronizing settings.
2024-02-21 20:06:25.594 [info] Keybindings: No changes found during synchronizing keybindings.
2024-02-21 20:06:25.597 [info] Snippets: No changes found during synchronizing snippets.
2024-02-21 20:06:25.598 [info] Tasks: No changes found during synchronizing tasks.
2024-02-21 20:06:25.600 [info] GlobalState: No changes found during synchronizing ui state.
2024-02-21 20:06:25.641 [info] Extensions: No changes found during synchronizing extensions.
2024-02-21 20:06:25.641 [info] Profiles: No changes found during synchronizing profiles.
2024-02-21 20:06:25.642 [info] Sync done. Took 144ms
2024-02-21 20:07:25.608 [info] Auto Sync: Triggered by Activity
2024-02-21 20:07:25.609 [info] Sync started.
2024-02-21 20:07:25.695 [info] Settings: No changes found during synchronizing settings.
2024-02-21 20:07:25.698 [info] Keybindings: No changes found during synchronizing keybindings.
2024-02-21 20:07:25.701 [info] Snippets: No changes found during synchronizing snippets.
2024-02-21 20:07:25.703 [info] Tasks: No changes found during synchronizing tasks.
2024-02-21 20:07:25.705 [info] GlobalState: No changes found during synchronizing ui state.
2024-02-21 20:07:25.749 [info] Extensions: No changes found during synchronizing extensions.
2024-02-21 20:07:25.749 [info] Profiles: No changes found during synchronizing profiles.
2024-02-21 20:07:25.750 [info] Sync done. Took 143ms
2024-02-21 20:09:25.406 [info] Auto Sync: Triggered by Activity
2024-02-21 20:09:25.406 [info] Sync started.
2024-02-21 20:09:25.495 [info] Settings: No changes found during synchronizing settings.
2024-02-21 20:09:25.499 [info] Keybindings: No changes found during synchronizing keybindings.
2024-02-21 20:09:25.502 [info] Snippets: No changes found during synchronizing snippets.
2024-02-21 20:09:25.503 [info] Tasks: No changes found during synchronizing tasks.
2024-02-21 20:09:25.507 [info] GlobalState: No changes found during synchronizing ui state.
2024-02-21 20:09:25.544 [info] Extensions: No changes found during synchronizing extensions.
2024-02-21 20:09:25.546 [info] Profiles: No changes found during synchronizing profiles.
2024-02-21 20:09:25.546 [info] Sync done. Took 142ms
2024-02-21 20:09:45.735 [info] Auto Sync: Triggered by Activity
2024-02-21 20:09:45.736 [info] Sync started.
2024-02-21 20:09:45.822 [info] Settings: No changes found during synchronizing settings.
2024-02-21 20:09:45.826 [info] Keybindings: No changes found during synchronizing keybindings.
2024-02-21 20:09:45.828 [info] Snippets: No changes found during synchronizing snippets.
2024-02-21 20:09:45.830 [info] Tasks: No changes found during synchronizing tasks.
2024-02-21 20:09:45.833 [info] GlobalState: No changes found during synchronizing ui state.
2024-02-21 20:09:45.869 [info] Extensions: No changes found during synchronizing extensions.
2024-02-21 20:09:45.869 [info] Profiles: No changes found during synchronizing profiles.
2024-02-21 20:09:45.870 [info] Sync done. Took 136ms
2024-02-21 20:09:58.707 [info] Auto Sync: Triggered by Activity
2024-02-21 20:09:58.707 [info] Sync started.
2024-02-21 20:09:58.790 [info] Settings: No changes found during synchronizing settings.
2024-02-21 20:09:58.794 [info] Keybindings: No changes found during synchronizing keybindings.
2024-02-21 20:09:58.797 [info] Snippets: No changes found during synchronizing snippets.
2024-02-21 20:09:58.799 [info] Tasks: No changes found during synchronizing tasks.
2024-02-21 20:09:58.805 [info] GlobalState: No changes found during synchronizing ui state.
2024-02-21 20:09:58.844 [info] Extensions: No changes found during synchronizing extensions.
2024-02-21 20:09:58.845 [info] Profiles: No changes found during synchronizing profiles.
2024-02-21 20:09:58.845 [info] Sync done. Took 139ms
2024-02-21 20:10:12.963 [info] Auto Sync: Triggered by Activity
2024-02-21 20:10:12.963 [info] Sync started.
2024-02-21 20:10:13.054 [info] Settings: No changes found during synchronizing settings.
2024-02-21 20:10:13.057 [info] Keybindings: No changes found during synchronizing keybindings.
2024-02-21 20:10:13.058 [info] Snippets: No changes found during synchronizing snippets.
2024-02-21 20:10:13.061 [info] Tasks: No changes found during synchronizing tasks.
2024-02-21 20:10:13.064 [info] GlobalState: No changes found during synchronizing ui state.
2024-02-21 20:10:13.099 [info] Extensions: No changes found during synchronizing extensions.
2024-02-21 20:10:13.100 [info] Profiles: No changes found during synchronizing profiles.
2024-02-21 20:10:13.101 [info] Sync done. Took 139ms
2024-02-21 20:11:12.599 [info] Auto Sync: Triggered by Activity
2024-02-21 20:11:12.599 [info] Sync started.
2024-02-21 20:11:12.691 [info] Settings: No changes found during synchronizing settings.
2024-02-21 20:11:12.696 [info] Keybindings: No changes found during synchronizing keybindings.
2024-02-21 20:11:12.698 [info] Snippets: No changes found during synchronizing snippets.
2024-02-21 20:11:12.700 [info] Tasks: No changes found during synchronizing tasks.
2024-02-21 20:11:12.703 [info] GlobalState: No changes found during synchronizing ui state.
2024-02-21 20:11:12.748 [info] Extensions: No changes found during synchronizing extensions.
2024-02-21 20:11:12.749 [info] Profiles: No changes found during synchronizing profiles.
2024-02-21 20:11:12.750 [info] Sync done. Took 151ms
2024-02-21 20:11:26.884 [info] Auto Sync: Triggered by Activity
2024-02-21 20:11:26.884 [info] Sync started.
2024-02-21 20:11:26.957 [info] Settings: No changes found during synchronizing settings.
2024-02-21 20:11:26.961 [info] Keybindings: No changes found during synchronizing keybindings.
2024-02-21 20:11:26.966 [info] Snippets: No changes found during synchronizing snippets.
2024-02-21 20:11:26.969 [info] Tasks: No changes found during synchronizing tasks.
2024-02-21 20:11:26.976 [info] GlobalState: No changes found during synchronizing ui state.
2024-02-21 20:11:27.020 [info] Extensions: No changes found during synchronizing extensions.
2024-02-21 20:11:27.021 [info] Profiles: No changes found during synchronizing profiles.
2024-02-21 20:11:27.021 [info] Sync done. Took 138ms
2024-02-21 20:12:05.128 [info] Auto Sync: Triggered by Activity
2024-02-21 20:12:05.128 [info] Sync started.
2024-02-21 20:12:05.212 [info] Settings: No changes found during synchronizing settings.
2024-02-21 20:12:05.216 [info] Keybindings: No changes found during synchronizing keybindings.
2024-02-21 20:12:05.220 [info] Snippets: No changes found during synchronizing snippets.
2024-02-21 20:12:05.222 [info] Tasks: No changes found during synchronizing tasks.
2024-02-21 20:12:05.225 [info] GlobalState: No changes found during synchronizing ui state.
2024-02-21 20:12:05.267 [info] Extensions: No changes found during synchronizing extensions.
2024-02-21 20:12:05.268 [info] Profiles: No changes found during synchronizing profiles.
2024-02-21 20:12:05.268 [info] Sync done. Took 141ms
2024-02-21 20:12:48.025 [info] Auto Sync: Triggered by Activity
2024-02-21 20:12:48.026 [info] Sync started.
2024-02-21 20:12:48.117 [info] Settings: No changes found during synchronizing settings.
2024-02-21 20:12:48.123 [info] Keybindings: No changes found during synchronizing keybindings.
2024-02-21 20:12:48.127 [info] Snippets: No changes found during synchronizing snippets.
2024-02-21 20:12:48.130 [info] Tasks: No changes found during synchronizing tasks.
2024-02-21 20:12:48.135 [info] GlobalState: No changes found during synchronizing ui state.
2024-02-21 20:12:48.171 [info] Extensions: No changes found during synchronizing extensions.
2024-02-21 20:12:48.172 [info] Profiles: No changes found during synchronizing profiles.
2024-02-21 20:12:48.173 [info] Sync done. Took 148ms
2024-02-21 20:13:15.043 [info] Auto Sync: Triggered by Activity
2024-02-21 20:13:15.043 [info] Sync started.
2024-02-21 20:13:15.124 [info] Settings: No changes found during synchronizing settings.
2024-02-21 20:13:15.126 [info] Keybindings: No changes found during synchronizing keybindings.
2024-02-21 20:13:15.128 [info] Snippets: No changes found during synchronizing snippets.
2024-02-21 20:13:15.129 [info] Tasks: No changes found during synchronizing tasks.
2024-02-21 20:13:15.132 [info] GlobalState: No changes found during synchronizing ui state.
2024-02-21 20:13:15.172 [info] Extensions: No changes found during synchronizing extensions.
2024-02-21 20:13:15.172 [info] Profiles: No changes found during synchronizing profiles.
2024-02-21 20:13:15.173 [info] Sync done. Took 131ms
2024-02-21 20:13:32.727 [info] Auto Sync: Triggered by Activity
2024-02-21 20:13:32.728 [info] Sync started.
2024-02-21 20:13:32.806 [info] Settings: No changes found during synchronizing settings.
2024-02-21 20:13:32.812 [info] Keybindings: No changes found during synchronizing keybindings.
2024-02-21 20:13:32.817 [info] Snippets: No changes found during synchronizing snippets.
2024-02-21 20:13:32.820 [info] Tasks: No changes found during synchronizing tasks.
2024-02-21 20:13:32.827 [info] GlobalState: No changes found during synchronizing ui state.
2024-02-21 20:13:32.874 [info] Extensions: No changes found during synchronizing extensions.
2024-02-21 20:13:32.875 [info] Profiles: No changes found during synchronizing profiles.
2024-02-21 20:13:32.875 [info] Sync done. Took 149ms
2024-02-21 20:13:59.010 [info] Auto Sync: Triggered by Activity
2024-02-21 20:13:59.010 [info] Sync started.
2024-02-21 20:13:59.108 [info] Settings: No changes found during synchronizing settings.
2024-02-21 20:13:59.112 [info] Keybindings: No changes found during synchronizing keybindings.
2024-02-21 20:13:59.114 [info] Snippets: No changes found during synchronizing snippets.
2024-02-21 20:13:59.116 [info] Tasks: No changes found during synchronizing tasks.
2024-02-21 20:13:59.119 [info] GlobalState: No changes found during synchronizing ui state.
2024-02-21 20:13:59.155 [info] Extensions: No changes found during synchronizing extensions.
2024-02-21 20:13:59.155 [info] Profiles: No changes found during synchronizing profiles.
2024-02-21 20:13:59.156 [info] Sync done. Took 148ms
2024-02-21 20:14:38.474 [info] Auto Sync: Triggered by Activity
2024-02-21 20:14:38.474 [info] Sync started.
2024-02-21 20:14:38.549 [info] Settings: No changes found during synchronizing settings.
2024-02-21 20:14:38.555 [info] Keybindings: No changes found during synchronizing keybindings.
2024-02-21 20:14:38.557 [info] Snippets: No changes found during synchronizing snippets.
2024-02-21 20:14:38.559 [info] Tasks: No changes found during synchronizing tasks.
2024-02-21 20:14:38.562 [info] GlobalState: No changes found during synchronizing ui state.
2024-02-21 20:14:38.595 [info] Extensions: No changes found during synchronizing extensions.
2024-02-21 20:14:38.596 [info] Profiles: No changes found during synchronizing profiles.
2024-02-21 20:14:38.596 [info] Sync done. Took 124ms
2024-02-21 20:14:54.467 [info] Auto Sync: Triggered by Activity
2024-02-21 20:14:54.468 [info] Sync started.
2024-02-21 20:14:54.548 [info] Settings: No changes found during synchronizing settings.
2024-02-21 20:14:54.552 [info] Keybindings: No changes found during synchronizing keybindings.
2024-02-21 20:14:54.555 [info] Snippets: No changes found during synchronizing snippets.
2024-02-21 20:14:54.558 [info] Tasks: No changes found during synchronizing tasks.
2024-02-21 20:14:54.565 [info] GlobalState: No changes found during synchronizing ui state.
2024-02-21 20:14:54.614 [info] Extensions: No changes found during synchronizing extensions.
2024-02-21 20:14:54.615 [info] Profiles: No changes found during synchronizing profiles.
2024-02-21 20:14:54.615 [info] Sync done. Took 159ms
2024-02-21 20:15:14.761 [info] Auto Sync: Triggered by Activity
2024-02-21 20:15:14.761 [info] Sync started.
2024-02-21 20:15:14.850 [info] Settings: No changes found during synchronizing settings.
2024-02-21 20:15:14.854 [info] Keybindings: No changes found during synchronizing keybindings.
2024-02-21 20:15:14.856 [info] Snippets: No changes found during synchronizing snippets.
2024-02-21 20:15:14.858 [info] Tasks: No changes found during synchronizing tasks.
2024-02-21 20:15:14.862 [info] GlobalState: No changes found during synchronizing ui state.
2024-02-21 20:15:14.905 [info] Extensions: No changes found during synchronizing extensions.
2024-02-21 20:15:14.907 [info] Profiles: No changes found during synchronizing profiles.
2024-02-21 20:15:14.907 [info] Sync done. Took 147ms
2024-02-21 20:15:33.946 [info] Auto Sync: Triggered by Activity
2024-02-21 20:15:33.947 [info] Sync started.
2024-02-21 20:15:34.045 [info] Settings: No changes found during synchronizing settings.
2024-02-21 20:15:34.050 [info] Keybindings: No changes found during synchronizing keybindings.
2024-02-21 20:15:34.055 [info] Snippets: No changes found during synchronizing snippets.
2024-02-21 20:15:34.059 [info] Tasks: No changes found during synchronizing tasks.
2024-02-21 20:15:34.064 [info] GlobalState: No changes found during synchronizing ui state.
2024-02-21 20:15:34.098 [info] Extensions: No changes found during synchronizing extensions.
2024-02-21 20:15:34.099 [info] Profiles: No changes found during synchronizing profiles.
2024-02-21 20:15:34.099 [info] Sync done. Took 154ms
2024-02-21 20:15:50.515 [info] Auto Sync: Triggered by Activity
2024-02-21 20:15:50.515 [info] Sync started.
2024-02-21 20:15:50.581 [info] Settings: No changes found during synchronizing settings.
2024-02-21 20:15:50.584 [info] Keybindings: No changes found during synchronizing keybindings.
2024-02-21 20:15:50.585 [info] Snippets: No changes found during synchronizing snippets.
2024-02-21 20:15:50.587 [info] Tasks: No changes found during synchronizing tasks.
2024-02-21 20:15:50.591 [info] GlobalState: No changes found during synchronizing ui state.
2024-02-21 20:15:50.635 [info] Extensions: No changes found during synchronizing extensions.
2024-02-21 20:15:50.636 [info] Profiles: No changes found during synchronizing profiles.
2024-02-21 20:15:50.636 [info] Sync done. Took 123ms
2024-02-21 20:16:04.018 [info] Auto Sync: Triggered by Activity
2024-02-21 20:16:04.018 [info] Sync started.
2024-02-21 20:16:04.099 [info] Settings: No changes found during synchronizing settings.
2024-02-21 20:16:04.101 [info] Keybindings: No changes found during synchronizing keybindings.
2024-02-21 20:16:04.104 [info] Snippets: No changes found during synchronizing snippets.
2024-02-21 20:16:04.105 [info] Tasks: No changes found during synchronizing tasks.
2024-02-21 20:16:04.108 [info] GlobalState: No changes found during synchronizing ui state.
2024-02-21 20:16:04.149 [info] Extensions: No changes found during synchronizing extensions.
2024-02-21 20:16:04.150 [info] Profiles: No changes found during synchronizing profiles.
2024-02-21 20:16:04.150 [info] Sync done. Took 133ms
2024-02-21 20:16:40.382 [info] Auto Sync: Triggered by Activity
2024-02-21 20:16:40.382 [info] Sync started.
2024-02-21 20:16:40.464 [info] Settings: No changes found during synchronizing settings.
2024-02-21 20:16:40.467 [info] Keybindings: No changes found during synchronizing keybindings.
2024-02-21 20:16:40.469 [info] Snippets: No changes found during synchronizing snippets.
2024-02-21 20:16:40.471 [info] Tasks: No changes found during synchronizing tasks.
2024-02-21 20:16:40.473 [info] GlobalState: No changes found during synchronizing ui state.
2024-02-21 20:16:40.508 [info] Extensions: No changes found during synchronizing extensions.
2024-02-21 20:16:40.509 [info] Profiles: No changes found during synchronizing profiles.
2024-02-21 20:16:40.510 [info] Sync done. Took 129ms
2024-02-21 20:17:41.627 [info] Auto Sync: Triggered by Activity
2024-02-21 20:17:41.627 [info] Sync started.
2024-02-21 20:17:41.709 [info] Settings: No changes found during synchronizing settings.
2024-02-21 20:17:41.712 [info] Keybindings: No changes found during synchronizing keybindings.
2024-02-21 20:17:41.714 [info] Snippets: No changes found during synchronizing snippets.
2024-02-21 20:17:41.715 [info] Tasks: No changes found during synchronizing tasks.
2024-02-21 20:17:41.718 [info] GlobalState: No changes found during synchronizing ui state.
2024-02-21 20:17:41.773 [info] Extensions: No changes found during synchronizing extensions.
2024-02-21 20:17:41.773 [info] Profiles: No changes found during synchronizing profiles.
2024-02-21 20:17:41.774 [info] Sync done. Took 149ms
2024-02-21 20:18:00.795 [info] Auto Sync: Triggered by Activity
2024-02-21 20:18:00.795 [info] Sync started.
2024-02-21 20:18:00.856 [info] Settings: No changes found during synchronizing settings.
2024-02-21 20:18:00.857 [info] Keybindings: No changes found during synchronizing keybindings.
2024-02-21 20:18:00.858 [info] Snippets: No changes found during synchronizing snippets.
2024-02-21 20:18:00.859 [info] Tasks: No changes found during synchronizing tasks.
2024-02-21 20:18:00.861 [info] GlobalState: No changes found during synchronizing ui state.
2024-02-21 20:18:00.906 [info] Extensions: No changes found during synchronizing extensions.
2024-02-21 20:18:00.906 [info] Profiles: No changes found during synchronizing profiles.
2024-02-21 20:18:00.907 [info] Sync done. Took 114ms
2024-02-21 20:18:12.792 [info] Auto Sync: Triggered by Activity
2024-02-21 20:18:12.793 [info] Sync started.
2024-02-21 20:18:12.878 [info] Settings: No changes found during synchronizing settings.
2024-02-21 20:18:12.886 [info] Keybindings: No changes found during synchronizing keybindings.
2024-02-21 20:18:12.889 [info] Snippets: No changes found during synchronizing snippets.
2024-02-21 20:18:12.892 [info] Tasks: No changes found during synchronizing tasks.
2024-02-21 20:18:12.895 [info] GlobalState: No changes found during synchronizing ui state.
2024-02-21 20:18:12.943 [info] Extensions: No changes found during synchronizing extensions.
2024-02-21 20:18:12.944 [info] Profiles: No changes found during synchronizing profiles.
2024-02-21 20:18:12.944 [info] Sync done. Took 152ms
2024-02-21 20:18:29.506 [info] Auto Sync: Triggered by Activity
2024-02-21 20:18:29.506 [info] Sync started.
2024-02-21 20:18:29.588 [info] Settings: No changes found during synchronizing settings.
2024-02-21 20:18:29.590 [info] Keybindings: No changes found during synchronizing keybindings.
2024-02-21 20:18:29.591 [info] Snippets: No changes found during synchronizing snippets.
2024-02-21 20:18:29.592 [info] Tasks: No changes found during synchronizing tasks.
2024-02-21 20:18:29.595 [info] GlobalState: No changes found during synchronizing ui state.
2024-02-21 20:18:29.631 [info] Extensions: No changes found during synchronizing extensions.
2024-02-21 20:18:29.632 [info] Profiles: No changes found during synchronizing profiles.
2024-02-21 20:18:29.632 [info] Sync done. Took 128ms
2024-02-21 20:18:43.312 [info] Auto Sync: Triggered by Activity
2024-02-21 20:18:43.313 [info] Sync started.
2024-02-21 20:18:43.390 [info] Settings: No changes found during synchronizing settings.
2024-02-21 20:18:43.393 [info] Keybindings: No changes found during synchronizing keybindings.
2024-02-21 20:18:43.399 [info] Snippets: No changes found during synchronizing snippets.
2024-02-21 20:18:43.403 [info] Tasks: No changes found during synchronizing tasks.
2024-02-21 20:18:43.408 [info] GlobalState: No changes found during synchronizing ui state.
2024-02-21 20:18:43.449 [info] Extensions: No changes found during synchronizing extensions.
2024-02-21 20:18:43.449 [info] Profiles: No changes found during synchronizing profiles.
2024-02-21 20:18:43.449 [info] Sync done. Took 138ms
2024-02-21 20:18:55.683 [info] Auto Sync: Triggered by Activity
2024-02-21 20:18:55.683 [info] Sync started.
2024-02-21 20:18:55.764 [info] Settings: No changes found during synchronizing settings.
2024-02-21 20:18:55.768 [info] Keybindings: No changes found during synchronizing keybindings.
2024-02-21 20:18:55.771 [info] Snippets: No changes found during synchronizing snippets.
2024-02-21 20:18:55.773 [info] Tasks: No changes found during synchronizing tasks.
2024-02-21 20:18:55.776 [info] GlobalState: No changes found during synchronizing ui state.
2024-02-21 20:18:55.811 [info] Extensions: No changes found during synchronizing extensions.
2024-02-21 20:18:55.812 [info] Profiles: No changes found during synchronizing profiles.
2024-02-21 20:18:55.813 [info] Sync done. Took 131ms
2024-02-21 20:19:21.611 [info] Auto Sync: Triggered by Activity
2024-02-21 20:19:21.611 [info] Sync started.
2024-02-21 20:19:21.718 [info] Settings: No changes found during synchronizing settings.
2024-02-21 20:19:21.722 [info] Keybindings: No changes found during synchronizing keybindings.
2024-02-21 20:19:21.725 [info] Snippets: No changes found during synchronizing snippets.
2024-02-21 20:19:21.727 [info] Tasks: No changes found during synchronizing tasks.
2024-02-21 20:19:21.730 [info] GlobalState: No changes found during synchronizing ui state.
2024-02-21 20:19:21.765 [info] Extensions: No changes found during synchronizing extensions.
2024-02-21 20:19:21.765 [info] Profiles: No changes found during synchronizing profiles.
2024-02-21 20:19:21.766 [info] Sync done. Took 156ms
2024-02-21 20:19:47.874 [info] Auto Sync: Triggered by Activity
2024-02-21 20:19:47.875 [info] Sync started.
2024-02-21 20:19:47.956 [info] Settings: No changes found during synchronizing settings.
2024-02-21 20:19:47.961 [info] Keybindings: No changes found during synchronizing keybindings.
2024-02-21 20:19:47.965 [info] Snippets: No changes found during synchronizing snippets.
2024-02-21 20:19:47.967 [info] Tasks: No changes found during synchronizing tasks.
2024-02-21 20:19:47.970 [info] GlobalState: No changes found during synchronizing ui state.
2024-02-21 20:19:48.010 [info] Extensions: No changes found during synchronizing extensions.
2024-02-21 20:19:48.010 [info] Profiles: No changes found during synchronizing profiles.
2024-02-21 20:19:48.011 [info] Sync done. Took 138ms
2024-02-21 20:20:01.033 [info] Auto Sync: Triggered by Activity
2024-02-21 20:20:01.034 [info] Sync started.
2024-02-21 20:20:01.118 [info] Settings: No changes found during synchronizing settings.
2024-02-21 20:20:01.120 [info] Keybindings: No changes found during synchronizing keybindings.
2024-02-21 20:20:01.123 [info] Snippets: No changes found during synchronizing snippets.
2024-02-21 20:20:01.124 [info] Tasks: No changes found during synchronizing tasks.
2024-02-21 20:20:01.127 [info] GlobalState: No changes found during synchronizing ui state.
2024-02-21 20:20:01.160 [info] Extensions: No changes found during synchronizing extensions.
2024-02-21 20:20:01.161 [info] Profiles: No changes found during synchronizing profiles.
2024-02-21 20:20:01.162 [info] Sync done. Took 129ms
2024-02-21 20:20:39.349 [info] Auto Sync: Triggered by Activity
2024-02-21 20:20:39.350 [info] Sync started.
2024-02-21 20:20:39.438 [info] Settings: No changes found during synchronizing settings.
2024-02-21 20:20:39.441 [info] Keybindings: No changes found during synchronizing keybindings.
2024-02-21 20:20:39.443 [info] Snippets: No changes found during synchronizing snippets.
2024-02-21 20:20:39.445 [info] Tasks: No changes found during synchronizing tasks.
2024-02-21 20:20:39.447 [info] GlobalState: No changes found during synchronizing ui state.
2024-02-21 20:20:39.482 [info] Extensions: No changes found during synchronizing extensions.
2024-02-21 20:20:39.483 [info] Profiles: No changes found during synchronizing profiles.
2024-02-21 20:20:39.484 [info] Sync done. Took 136ms
2024-02-21 20:20:54.421 [info] Auto Sync: Triggered by Activity
2024-02-21 20:20:54.423 [info] Sync started.
2024-02-21 20:20:54.512 [info] Settings: No changes found during synchronizing settings.
2024-02-21 20:20:54.514 [info] Keybindings: No changes found during synchronizing keybindings.
2024-02-21 20:20:54.515 [info] Snippets: No changes found during synchronizing snippets.
2024-02-21 20:20:54.515 [info] Tasks: No changes found during synchronizing tasks.
2024-02-21 20:20:54.517 [info] GlobalState: No changes found during synchronizing ui state.
2024-02-21 20:20:54.557 [info] Extensions: No changes found during synchronizing extensions.
2024-02-21 20:20:54.557 [info] Profiles: No changes found during synchronizing profiles.
2024-02-21 20:20:54.558 [info] Sync done. Took 137ms
2024-02-21 20:21:06.695 [info] Auto Sync: Triggered by Activity
2024-02-21 20:21:06.696 [info] Sync started.
2024-02-21 20:21:06.776 [info] Settings: No changes found during synchronizing settings.
2024-02-21 20:21:06.777 [info] Keybindings: No changes found during synchronizing keybindings.
2024-02-21 20:21:06.782 [info] Snippets: No changes found during synchronizing snippets.
2024-02-21 20:21:06.784 [info] Tasks: No changes found during synchronizing tasks.
2024-02-21 20:21:06.787 [info] GlobalState: No changes found during synchronizing ui state.
2024-02-21 20:21:06.826 [info] Extensions: No changes found during synchronizing extensions.
2024-02-21 20:21:06.827 [info] Profiles: No changes found during synchronizing profiles.
2024-02-21 20:21:06.827 [info] Sync done. Took 133ms
2024-02-21 20:21:23.411 [info] Auto Sync: Triggered by Activity
2024-02-21 20:21:23.412 [info] Sync started.
2024-02-21 20:21:23.501 [info] Settings: No changes found during synchronizing settings.
2024-02-21 20:21:23.503 [info] Keybindings: No changes found during synchronizing keybindings.
2024-02-21 20:21:23.505 [info] Snippets: No changes found during synchronizing snippets.
2024-02-21 20:21:23.506 [info] Tasks: No changes found during synchronizing tasks.
2024-02-21 20:21:23.510 [info] GlobalState: No changes found during synchronizing ui state.
2024-02-21 20:21:23.543 [info] Extensions: No changes found during synchronizing extensions.
2024-02-21 20:21:23.543 [info] Profiles: No changes found during synchronizing profiles.
2024-02-21 20:21:23.544 [info] Sync done. Took 135ms
2024-02-21 20:21:45.450 [info] Auto Sync: Triggered by Activity
2024-02-21 20:21:45.450 [info] Sync started.
2024-02-21 20:21:45.534 [info] Settings: No changes found during synchronizing settings.
2024-02-21 20:21:45.540 [info] Keybindings: No changes found during synchronizing keybindings.
2024-02-21 20:21:45.544 [info] Snippets: No changes found during synchronizing snippets.
2024-02-21 20:21:45.545 [info] Tasks: No changes found during synchronizing tasks.
2024-02-21 20:21:45.548 [info] GlobalState: No changes found during synchronizing ui state.
2024-02-21 20:21:45.593 [info] Extensions: No changes found during synchronizing extensions.
2024-02-21 20:21:45.593 [info] Profiles: No changes found during synchronizing profiles.
2024-02-21 20:21:45.594 [info] Sync done. Took 146ms
2024-02-21 20:21:59.653 [info] Auto Sync: Triggered by Activity
2024-02-21 20:21:59.654 [info] Sync started.
2024-02-21 20:21:59.732 [info] Settings: No changes found during synchronizing settings.
2024-02-21 20:21:59.737 [info] Keybindings: No changes found during synchronizing keybindings.
2024-02-21 20:21:59.739 [info] Snippets: No changes found during synchronizing snippets.
2024-02-21 20:21:59.742 [info] Tasks: No changes found during synchronizing tasks.
2024-02-21 20:21:59.745 [info] GlobalState: No changes found during synchronizing ui state.
2024-02-21 20:21:59.779 [info] Extensions: No changes found during synchronizing extensions.
2024-02-21 20:21:59.780 [info] Profiles: No changes found during synchronizing profiles.
2024-02-21 20:21:59.781 [info] Sync done. Took 129ms
2024-02-21 20:22:22.705 [info] Auto Sync: Triggered by Activity
2024-02-21 20:22:22.706 [info] Sync started.
2024-02-21 20:22:22.792 [info] Settings: No changes found during synchronizing settings.
2024-02-21 20:22:22.794 [info] Keybindings: No changes found during synchronizing keybindings.
2024-02-21 20:22:22.796 [info] Snippets: No changes found during synchronizing snippets.
2024-02-21 20:22:22.798 [info] Tasks: No changes found during synchronizing tasks.
2024-02-21 20:22:22.802 [info] GlobalState: No changes found during synchronizing ui state.
2024-02-21 20:22:22.848 [info] Extensions: No changes found during synchronizing extensions.
2024-02-21 20:22:22.848 [info] Profiles: No changes found during synchronizing profiles.
2024-02-21 20:22:22.849 [info] Sync done. Took 144ms
2024-02-21 20:22:34.412 [info] Auto Sync: Triggered by Activity
2024-02-21 20:22:34.412 [info] Sync started.
2024-02-21 20:22:34.490 [info] Settings: No changes found during synchronizing settings.
2024-02-21 20:22:34.498 [info] Keybindings: No changes found during synchronizing keybindings.
2024-02-21 20:22:34.501 [info] Snippets: No changes found during synchronizing snippets.
2024-02-21 20:22:34.504 [info] Tasks: No changes found during synchronizing tasks.
2024-02-21 20:22:34.509 [info] GlobalState: No changes found during synchronizing ui state.
2024-02-21 20:22:34.548 [info] Extensions: No changes found during synchronizing extensions.
2024-02-21 20:22:34.549 [info] Profiles: No changes found during synchronizing profiles.
2024-02-21 20:22:34.549 [info] Sync done. Took 138ms
2024-02-21 20:25:48.067 [info] Auto Sync: Triggered by Activity
2024-02-21 20:25:48.068 [info] Sync started.
2024-02-21 20:25:48.366 [info] Settings: No changes found during synchronizing settings.
2024-02-21 20:25:48.367 [info] Keybindings: No changes found during synchronizing keybindings.
2024-02-21 20:25:48.368 [info] Snippets: No changes found during synchronizing snippets.
2024-02-21 20:25:48.369 [info] Tasks: No changes found during synchronizing tasks.
2024-02-21 20:25:48.373 [info] GlobalState: No changes found during synchronizing ui state.
2024-02-21 20:25:48.413 [info] Extensions: No changes found during synchronizing extensions.
2024-02-21 20:25:48.413 [info] Profiles: No changes found during synchronizing profiles.
2024-02-21 20:25:48.414 [info] Sync done. Took 349ms
2024-02-21 20:26:10.111 [info] Auto Sync: Triggered by Activity
2024-02-21 20:26:10.111 [info] Sync started.
2024-02-21 20:26:10.198 [info] Settings: No changes found during synchronizing settings.
2024-02-21 20:26:10.200 [info] Keybindings: No changes found during synchronizing keybindings.
2024-02-21 20:26:10.202 [info] Snippets: No changes found during synchronizing snippets.
2024-02-21 20:26:10.203 [info] Tasks: No changes found during synchronizing tasks.
2024-02-21 20:26:10.206 [info] GlobalState: No changes found during synchronizing ui state.
2024-02-21 20:26:10.245 [info] Extensions: No changes found during synchronizing extensions.
2024-02-21 20:26:10.245 [info] Profiles: No changes found during synchronizing profiles.
2024-02-21 20:26:10.246 [info] Sync done. Took 136ms
2024-02-21 20:26:37.169 [info] Auto Sync: Triggered by Activity
2024-02-21 20:26:37.169 [info] Sync started.
2024-02-21 20:26:37.260 [info] Settings: No changes found during synchronizing settings.
2024-02-21 20:26:37.267 [info] Keybindings: No changes found during synchronizing keybindings.
2024-02-21 20:26:37.278 [info] Snippets: No changes found during synchronizing snippets.
2024-02-21 20:26:37.279 [info] Tasks: No changes found during synchronizing tasks.
2024-02-21 20:26:37.282 [info] GlobalState: No changes found during synchronizing ui state.
2024-02-21 20:26:37.326 [info] Extensions: No changes found during synchronizing extensions.
2024-02-21 20:26:37.326 [info] Profiles: No changes found during synchronizing profiles.
2024-02-21 20:26:37.327 [info] Sync done. Took 158ms
2024-02-21 20:27:05.178 [info] Auto Sync: Triggered by Activity
2024-02-21 20:27:05.179 [info] Sync started.
2024-02-21 20:27:05.268 [info] Settings: No changes found during synchronizing settings.
2024-02-21 20:27:05.271 [info] Keybindings: No changes found during synchronizing keybindings.
2024-02-21 20:27:05.272 [info] Snippets: No changes found during synchronizing snippets.
2024-02-21 20:27:05.273 [info] Tasks: No changes found during synchronizing tasks.
2024-02-21 20:27:05.282 [info] GlobalState: No changes found during synchronizing ui state.
2024-02-21 20:27:05.328 [info] Extensions: No changes found during synchronizing extensions.
2024-02-21 20:27:05.328 [info] Profiles: No changes found during synchronizing profiles.
2024-02-21 20:27:05.329 [info] Sync done. Took 152ms
2024-02-21 20:29:29.021 [info] Auto Sync: Triggered by Activity
2024-02-21 20:29:29.021 [info] Sync started.
2024-02-21 20:29:29.280 [info] Settings: No changes found during synchronizing settings.
2024-02-21 20:29:29.285 [info] Keybindings: No changes found during synchronizing keybindings.
2024-02-21 20:29:29.287 [info] Snippets: No changes found during synchronizing snippets.
2024-02-21 20:29:29.289 [info] Tasks: No changes found during synchronizing tasks.
2024-02-21 20:29:29.292 [info] GlobalState: No changes found during synchronizing ui state.
2024-02-21 20:29:29.328 [info] Extensions: No changes found during synchronizing extensions.
2024-02-21 20:29:29.328 [info] Profiles: No changes found during synchronizing profiles.
2024-02-21 20:29:29.329 [info] Sync done. Took 309ms
2024-02-21 20:30:14.943 [info] Auto Sync: Triggered by Activity
2024-02-21 20:30:14.944 [info] Sync started.
2024-02-21 20:30:15.017 [info] Settings: No changes found during synchronizing settings.
2024-02-21 20:30:15.022 [info] Keybindings: No changes found during synchronizing keybindings.
2024-02-21 20:30:15.024 [info] Snippets: No changes found during synchronizing snippets.
2024-02-21 20:30:15.026 [info] Tasks: No changes found during synchronizing tasks.
2024-02-21 20:30:15.033 [info] GlobalState: No changes found during synchronizing ui state.
2024-02-21 20:30:15.082 [info] Extensions: No changes found during synchronizing extensions.
2024-02-21 20:30:15.083 [info] Profiles: No changes found during synchronizing profiles.
2024-02-21 20:30:15.083 [info] Sync done. Took 141ms
2024-02-21 20:30:28.525 [info] Auto Sync: Triggered by Activity
2024-02-21 20:30:28.526 [info] Sync started.
2024-02-21 20:30:28.612 [info] Settings: No changes found during synchronizing settings.
2024-02-21 20:30:28.615 [info] Keybindings: No changes found during synchronizing keybindings.
2024-02-21 20:30:28.617 [info] Snippets: No changes found during synchronizing snippets.
2024-02-21 20:30:28.619 [info] Tasks: No changes found during synchronizing tasks.
2024-02-21 20:30:28.622 [info] GlobalState: No changes found during synchronizing ui state.
2024-02-21 20:30:28.658 [info] Extensions: No changes found during synchronizing extensions.
2024-02-21 20:30:28.659 [info] Profiles: No changes found during synchronizing profiles.
2024-02-21 20:30:28.660 [info] Sync done. Took 135ms
2024-02-21 20:30:44.530 [info] Auto Sync: Triggered by Activity
2024-02-21 20:30:44.530 [info] Sync started.
2024-02-21 20:30:44.606 [info] Settings: No changes found during synchronizing settings.
2024-02-21 20:30:44.611 [info] Keybindings: No changes found during synchronizing keybindings.
2024-02-21 20:30:44.614 [info] Snippets: No changes found during synchronizing snippets.
2024-02-21 20:30:44.615 [info] Tasks: No changes found during synchronizing tasks.
2024-02-21 20:30:44.618 [info] GlobalState: No changes found during synchronizing ui state.
2024-02-21 20:30:44.657 [info] Extensions: No changes found during synchronizing extensions.
2024-02-21 20:30:44.658 [info] Profiles: No changes found during synchronizing profiles.
2024-02-21 20:30:44.658 [info] Sync done. Took 129ms
2024-02-21 20:30:59.039 [info] Auto Sync: Triggered by Activity
2024-02-21 20:30:59.040 [info] Sync started.
2024-02-21 20:30:59.130 [info] Settings: No changes found during synchronizing settings.
2024-02-21 20:30:59.134 [info] Keybindings: No changes found during synchronizing keybindings.
2024-02-21 20:30:59.137 [info] Snippets: No changes found during synchronizing snippets.
2024-02-21 20:30:59.138 [info] Tasks: No changes found during synchronizing tasks.
2024-02-21 20:30:59.141 [info] GlobalState: No changes found during synchronizing ui state.
2024-02-21 20:30:59.176 [info] Extensions: No changes found during synchronizing extensions.
2024-02-21 20:30:59.176 [info] Profiles: No changes found during synchronizing profiles.
2024-02-21 20:30:59.177 [info] Sync done. Took 140ms
