Initializing document watcher...
.config/i3/config: Using EditorConfig core...
.config/polybar/config/statusbar.ini: {}
.config/polybar/config/statusbar.ini: Using EditorConfig core...
.config/polybar/config/statusbar.ini: {}
.config/polybar/config/statusbar.ini: Using EditorConfig core...
.config/polybar/config/statusbar.ini: Using EditorConfig core...
.config/polybar/config/statusbar.ini: {}
.config/i3/config: {}
.config/i3/config: {}
.config/i3/config: Using EditorConfig core...
.config/i3/config: {}
.config/i3/config: {}
.config/i3/config: {}
.config/i3/config: {}
.config/i3/config: {}
.config/i3/config: {}
.config/i3/config: Using EditorConfig core...
.config/i3/config: {}
.config/i3/config: {}
.config/i3/config: {}
.config/i3/config: {}
.config/i3/config: {}
.config/i3/config: {}
.config/i3/config: {}
.config/i3/config: Using EditorConfig core...
.config/i3/config: {}
.config/i3/config: {}
.config/i3/config: {}
.config/i3/config: {}
.config/i3/config: Using EditorConfig core...
.config/i3/config: {}
.config/i3/config: Using EditorConfig core...
.config/i3/config: {}
.config/i3/config: {}
.config/i3/config: {}
.config/i3/config: Using EditorConfig core...
.config/i3/config: Using EditorConfig core...
.config/i3/config: {}
.config/i3/config: {}
.config/i3/config: Using EditorConfig core...
.config/i3/config: {}
.config/i3/config: {}
.config/i3/config: Using EditorConfig core...
.config/i3/config: {}
.config/i3/config: Using EditorConfig core...
.config/i3/config: {}
.config/i3/config: Using EditorConfig core...
.config/i3/config: {}
.config/i3/config: {}
.config/i3/config: {}
.config/i3/config: {}
.config/i3/config: {}
.config/i3/config: {}
.config/i3/config: {}
.config/i3/config: {}
.config/i3/config: {}
.config/i3/config: {}
.config/i3/config: {}
.config/i3/config: Using EditorConfig core...
.config/i3/config: {}
.config/i3/config: {}
.config/i3/config: {}
.config/i3/config: Using EditorConfig core...
.config/i3/config: {}
.config/i3/config: {}
.config/i3/config: {}
.config/i3/config: {}
.config/i3/config: Using EditorConfig core...
.config/i3/config: Using EditorConfig core...
.config/i3/config: Using EditorConfig core...
.config/i3/config: Using EditorConfig core...
.config/i3/config: Using EditorConfig core...
.config/i3/config: {}
.config/i3/config: Using EditorConfig core...
.config/i3/config: Using EditorConfig core...
.config/i3/config: Using EditorConfig core...
.config/i3/config: Using EditorConfig core...
.config/i3/config: {}
.config/i3/config: {}
.config/i3/config: Using EditorConfig core...
.config/i3/config: {}
.config/i3/config: {}
.config/i3/config: {}
.config/i3/config: {}
.config/i3/config: {}
.config/i3/config: {}
.config/i3/config: Using EditorConfig core...
.config/i3/config: Using EditorConfig core...
.config/i3/config: {}
.config/i3/config: Using EditorConfig core...
.config/polybar/config/statusbar.ini: {}
.config/polybar/config/statusbar.ini: {}
.config/polybar/config/statusbar.ini: {}
.config/polybar/config/statusbar.ini: Using EditorConfig core...
.config/polybar/config/statusbar.ini: Using EditorConfig core...
.config/polybar/config/statusbar.ini: Using EditorConfig core...
.config/polybar/config/statusbar.ini: Using EditorConfig core...
.config/polybar/config/statusbar.ini: Using EditorConfig core...
.config/polybar/config/statusbar.ini: Using EditorConfig core...
.config/polybar/config/statusbar.ini: Using EditorConfig core...
.config/polybar/config/statusbar.ini: Using EditorConfig core...
.config/polybar/config/statusbar.ini: {}
.config/polybar/config/statusbar.ini: {}
.config/polybar/config/statusbar.ini: {}
.config/i3/config: {}
.config/i3/config: Using EditorConfig core...
.config/i3/config: {}
.config/i3/config: {}
.config/i3/config: {}
.config/i3/config: {}
.config/i3/config: {}
.config/i3/config: {}
.config/i3/config: {}
.config/i3/config: {}
.config/i3/config: Using EditorConfig core...
.config/i3/config: {}
.config/i3/config: {}
.config/i3/config: {}
.config/i3/config: {}
.config/i3/config: {}
.config/i3/config: {}
.config/i3/config: {}
.config/i3/config: {}
.config/polybar/config/statusbar.ini: {}
.config/polybar/config/statusbar.ini: Using EditorConfig core...
.config/polybar/config/statusbar.ini: {}
.config/polybar/config/statusbar.ini: {}
.config/polybar/config/statusbar.ini: {}
.config/i3/config: {}
.config/i3/config: Using EditorConfig core...
.config/i3/config: Using EditorConfig core...
.config/i3/config: Using EditorConfig core...
.config/i3/config: {}
.config/i3/config: {}
.config/i3/config: {}
.config/i3/config: Using EditorConfig core...
.config/i3/config: Using EditorConfig core...
.config/i3/config: Using EditorConfig core...
.config/i3/config: {}
.config/i3/config: {}
.config/i3/config: {}
.config/i3/config: Using EditorConfig core...
.config/i3/config: {}
.config/i3/config: Using EditorConfig core...
.config/i3/config: Using EditorConfig core...
.config/i3/config: Using EditorConfig core...
.config/i3/config: Using EditorConfig core...
.config/i3/config: Using EditorConfig core...
.config/i3/config: Using EditorConfig core...
.config/i3/config: {}
.config/i3/config: {}
.config/i3/config: Using EditorConfig core...
.config/i3/config: {}
.config/i3/config: {}
.config/i3/config: Using EditorConfig core...
.config/i3/config: {}
.config/i3/config: {}
.config/i3/config: {}
.config/i3/config: {}
.config/i3/config: {}
.config/i3/config: {}
.config/i3/config: {}
.config/i3/config: {}
.config/i3/config: {}
.config/i3/config: Using EditorConfig core...
.config/i3/config: Using EditorConfig core...
.config/i3/config: Using EditorConfig core...
.config/i3/config: Using EditorConfig core...
.config/i3/config: {}
.config/i3/config: Using EditorConfig core...
.config/i3/config: {}
.config/i3/config: Using EditorConfig core...
.config/i3/config: {}
.config/i3/config: {}
.config/i3/config: Using EditorConfig core...
.config/i3/config: Using EditorConfig core...
.config/i3/config: {}
.config/i3/config: {}
.config/i3/config: {}
.config/dunst/dunstrc: {}
.config/dunst/dunstrc: {}
.config/dunst/dunstrc: Using EditorConfig core...
.config/dunst/dunstrc: {}
.config/dunst/dunstrc: {}
.config/dunst/dunstrc: {}
