Initializing document watcher...
.config/i3/config: {}
.config/i3/config: Using EditorConfig core...
.config/i3/config: {}
.config/i3/config: {}
.config/i3/config: {}
.config/i3/config: Using EditorConfig core...
.config/i3/config: Using EditorConfig core...
.config/i3/config: {}
.config/i3/config: {}
.config/i3/config: {}
.config/i3/config: Using EditorConfig core...
.config/i3/config: Using EditorConfig core...
.config/i3/config: Using EditorConfig core...
.config/i3/config: Using EditorConfig core...
.config/i3/config: Using EditorConfig core...
.config/i3/config: {}
.config/i3/config: Using EditorConfig core...
.config/i3/config: {}
.config/i3/config: {}
.config/i3/config: {}
.config/i3/config: {}
.config/i3/config: {}
.config/i3/config: {}
.config/i3/config: {}
.config/i3/config: {}
.config/i3/config: Using EditorConfig core...
.config/i3/config: Using EditorConfig core...
.config/i3/config: Using EditorConfig core...
.config/i3/config: Using EditorConfig core...
.config/i3/config: {}
.config/i3/config: {}
.config/i3/config: {}
.config/i3/config: {}
.config/i3/config: {}
.config/i3/config: Using EditorConfig core...
.config/i3/config: {}
.config/i3/config: {}
.config/i3/config: {}
.config/i3/config: {}
.config/i3/config: Using EditorConfig core...
.config/i3/config: {}
.config/i3/config: {}
.config/i3/config: Using EditorConfig core...
.config/i3/config: Using EditorConfig core...
.config/i3/config: {}
.config/i3/config: {}
.config/i3/config: {}
.config/i3/config: {}
.config/i3/config: {}
.config/i3/config: {}
.config/i3/config: Using EditorConfig core...
.config/i3/config: {}
.config/Code/User/settings.json: Using EditorConfig core...
.config/i3/config: {}
.config/i3/config: {}
.config/i3/config: {}
.config/i3/config: {}
.config/i3/config: {}
.config/i3/config: {}
.config/i3/config: {}
.config/i3/config: Using EditorConfig core...
.config/i3/config: {}
.config/i3/config: {}
.config/i3/config: {}
.config/i3/config: {}
.config/i3/config: {}
.config/i3/config: Using EditorConfig core...
.config/i3/config: {}
.config/i3/config: {}
.config/i3/picom.conf: {}
.config/i3/picom.conf: {}
.config/i3/picom.conf: {}
.config/i3/picom.conf: Using EditorConfig core...
.config/i3/picom.conf: {}
.config/i3/picom.conf: {}
