2024-02-21 21:54:40.968 [info] Extension host with pid 1799 started
2024-02-21 21:54:40.968 [info] Skipping acquiring lock for /home/zrik/.config/Code/User/workspaceStorage/2df5b8e6c1cc862171e1c6543addca2e.
2024-02-21 21:54:40.980 [info] ExtensionService#_doActivateExtension vscode.git-base, startup: true, activationEvent: '*'
2024-02-21 21:54:40.981 [info] ExtensionService#_doActivateExtension christian-kohler.path-intellisense, startup: true, activationEvent: '*'
2024-02-21 21:54:40.989 [info] ExtensionService#_doActivateExtension naumovs.color-highlight, startup: true, activationEvent: '*'
2024-02-21 21:54:40.997 [info] ExtensionService#_doActivateExtension vscode.github, startup: true, activationEvent: '*'
2024-02-21 21:54:41.011 [info] Eager extensions activated
2024-02-21 21:54:41.084 [info] ExtensionService#_doActivateExtension vscode.debug-auto-launch, startup: false, activationEvent: 'onStartupFinished'
2024-02-21 21:54:41.086 [info] ExtensionService#_doActivateExtension vscode.merge-conflict, startup: false, activationEvent: 'onStartupFinished'
2024-02-21 21:54:41.089 [info] ExtensionService#_doActivateExtension esbenp.prettier-vscode, startup: false, activationEvent: 'onStartupFinished'
2024-02-21 21:54:41.110 [info] ExtensionService#_doActivateExtension ms-vscode-remote.remote-containers, startup: false, activationEvent: 'onStartupFinished'
2024-02-21 21:54:41.132 [info] ExtensionService#_doActivateExtension vscode-icons-team.vscode-icons, startup: false, activationEvent: 'onStartupFinished'
2024-02-21 21:54:41.145 [info] ExtensionService#_doActivateExtension vscode.github-authentication, startup: false, activationEvent: 'onAuthenticationRequest:github'
2024-02-21 21:54:41.615 [info] ExtensionService#_doActivateExtension vscode.json-language-features, startup: false, activationEvent: 'onLanguage:jsonc'
2024-02-21 21:54:41.626 [info] ExtensionService#_doActivateExtension vscode.emmet, startup: false, activationEvent: 'onLanguage'
2024-02-21 21:54:45.161 [info] ExtensionService#_doActivateExtension vscode.git, startup: false, activationEvent: 'api', root cause: vscode.github
2024-02-21 21:54:45.184 [info] ExtensionService#_doActivateExtension bradlc.vscode-tailwindcss, startup: false, activationEvent: 'onStartupFinished'
2024-02-21 21:54:45.193 [info] ExtensionService#_doActivateExtension cliffordfajardo.highlight-line-vscode, startup: false, activationEvent: '*'
2024-02-21 21:54:45.194 [info] ExtensionService#_doActivateExtension dbaeumer.vscode-eslint, startup: false, activationEvent: 'onStartupFinished'
2024-02-21 21:54:45.200 [info] ExtensionService#_doActivateExtension EditorConfig.EditorConfig, startup: false, activationEvent: '*'
2024-02-21 21:54:45.210 [info] ExtensionService#_doActivateExtension ritwickdey.LiveServer, startup: false, activationEvent: 'onStartupFinished'
2024-02-21 21:54:45.217 [info] ExtensionService#_doActivateExtension usernamehw.errorlens, startup: false, activationEvent: 'onStartupFinished'
2024-02-21 21:54:50.926 [info] ExtensionService#_doActivateExtension Vue.volar, startup: false, activationEvent: 'onLanguage:plaintext'
2024-02-21 21:59:24.879 [error] Error: [ExtensionListenerError] Extension 'cliffordfajardo.highlight-line-vscode' FAILED to handle event
	at g.value (/usr/share/code/resources/app/out/vs/workbench/api/node/extensionHostProcess.js:160:19758)
	at r.y (/usr/share/code/resources/app/out/vs/workbench/api/node/extensionHostProcess.js:80:1902)
	at r.z (/usr/share/code/resources/app/out/vs/workbench/api/node/extensionHostProcess.js:80:1972)
	at r.fire (/usr/share/code/resources/app/out/vs/workbench/api/node/extensionHostProcess.js:80:2188)
	at g.value (/usr/share/code/resources/app/out/vs/workbench/api/node/extensionHostProcess.js:152:26595)
	at r.y (/usr/share/code/resources/app/out/vs/workbench/api/node/extensionHostProcess.js:80:1902)
	at r.fire (/usr/share/code/resources/app/out/vs/workbench/api/node/extensionHostProcess.js:80:2119)
	at i.acceptDocumentsAndEditorsDelta (/usr/share/code/resources/app/out/vs/workbench/api/node/extensionHostProcess.js:152:25486)
	at i.$acceptDocumentsAndEditorsDelta (/usr/share/code/resources/app/out/vs/workbench/api/node/extensionHostProcess.js:152:23857)
	at d.S (/usr/share/code/resources/app/out/vs/workbench/api/node/extensionHostProcess.js:147:5520)
	at d.Q (/usr/share/code/resources/app/out/vs/workbench/api/node/extensionHostProcess.js:147:5286)
	at d.M (/usr/share/code/resources/app/out/vs/workbench/api/node/extensionHostProcess.js:147:4376)
	at d.L (/usr/share/code/resources/app/out/vs/workbench/api/node/extensionHostProcess.js:147:3455)
	at g.value (/usr/share/code/resources/app/out/vs/workbench/api/node/extensionHostProcess.js:147:2242)
	at r.y (/usr/share/code/resources/app/out/vs/workbench/api/node/extensionHostProcess.js:80:1902)
	at r.fire (/usr/share/code/resources/app/out/vs/workbench/api/node/extensionHostProcess.js:80:2119)
	at n.fire (/usr/share/code/resources/app/out/vs/workbench/api/node/extensionHostProcess.js:105:14073)
	at g.value (/usr/share/code/resources/app/out/vs/workbench/api/node/extensionHostProcess.js:173:8051)
	at r.y (/usr/share/code/resources/app/out/vs/workbench/api/node/extensionHostProcess.js:80:1902)
	at r.fire (/usr/share/code/resources/app/out/vs/workbench/api/node/extensionHostProcess.js:80:2119)
	at n.fire (/usr/share/code/resources/app/out/vs/workbench/api/node/extensionHostProcess.js:105:14073)
	at MessagePortMain.<anonymous> (/usr/share/code/resources/app/out/vs/workbench/api/node/extensionHostProcess.js:173:6331)
	at MessagePortMain.emit (node:events:514:28)
	at Object.emit (node:electron/js2c/utility_init:2:2285)
2024-02-21 21:59:31.911 [error] Error: [ExtensionListenerError] Extension 'cliffordfajardo.highlight-line-vscode' FAILED to handle event
	at g.value (/usr/share/code/resources/app/out/vs/workbench/api/node/extensionHostProcess.js:160:19758)
	at r.y (/usr/share/code/resources/app/out/vs/workbench/api/node/extensionHostProcess.js:80:1902)
	at r.z (/usr/share/code/resources/app/out/vs/workbench/api/node/extensionHostProcess.js:80:1972)
	at r.fire (/usr/share/code/resources/app/out/vs/workbench/api/node/extensionHostProcess.js:80:2188)
	at g.value (/usr/share/code/resources/app/out/vs/workbench/api/node/extensionHostProcess.js:152:26595)
	at r.y (/usr/share/code/resources/app/out/vs/workbench/api/node/extensionHostProcess.js:80:1902)
	at r.fire (/usr/share/code/resources/app/out/vs/workbench/api/node/extensionHostProcess.js:80:2119)
	at i.acceptDocumentsAndEditorsDelta (/usr/share/code/resources/app/out/vs/workbench/api/node/extensionHostProcess.js:152:25486)
	at i.$acceptDocumentsAndEditorsDelta (/usr/share/code/resources/app/out/vs/workbench/api/node/extensionHostProcess.js:152:23857)
	at d.S (/usr/share/code/resources/app/out/vs/workbench/api/node/extensionHostProcess.js:147:5520)
	at d.Q (/usr/share/code/resources/app/out/vs/workbench/api/node/extensionHostProcess.js:147:5286)
	at d.M (/usr/share/code/resources/app/out/vs/workbench/api/node/extensionHostProcess.js:147:4376)
	at d.L (/usr/share/code/resources/app/out/vs/workbench/api/node/extensionHostProcess.js:147:3455)
	at g.value (/usr/share/code/resources/app/out/vs/workbench/api/node/extensionHostProcess.js:147:2242)
	at r.y (/usr/share/code/resources/app/out/vs/workbench/api/node/extensionHostProcess.js:80:1902)
	at r.fire (/usr/share/code/resources/app/out/vs/workbench/api/node/extensionHostProcess.js:80:2119)
	at n.fire (/usr/share/code/resources/app/out/vs/workbench/api/node/extensionHostProcess.js:105:14073)
	at g.value (/usr/share/code/resources/app/out/vs/workbench/api/node/extensionHostProcess.js:173:8051)
	at r.y (/usr/share/code/resources/app/out/vs/workbench/api/node/extensionHostProcess.js:80:1902)
	at r.fire (/usr/share/code/resources/app/out/vs/workbench/api/node/extensionHostProcess.js:80:2119)
	at n.fire (/usr/share/code/resources/app/out/vs/workbench/api/node/extensionHostProcess.js:105:14073)
	at MessagePortMain.<anonymous> (/usr/share/code/resources/app/out/vs/workbench/api/node/extensionHostProcess.js:173:6331)
	at MessagePortMain.emit (node:events:514:28)
	at Object.emit (node:electron/js2c/utility_init:2:2285)
2024-02-21 21:59:34.181 [error] Error: [ExtensionListenerError] Extension 'cliffordfajardo.highlight-line-vscode' FAILED to handle event
	at g.value (/usr/share/code/resources/app/out/vs/workbench/api/node/extensionHostProcess.js:160:19758)
	at r.y (/usr/share/code/resources/app/out/vs/workbench/api/node/extensionHostProcess.js:80:1902)
	at r.z (/usr/share/code/resources/app/out/vs/workbench/api/node/extensionHostProcess.js:80:1972)
	at r.fire (/usr/share/code/resources/app/out/vs/workbench/api/node/extensionHostProcess.js:80:2188)
	at g.value (/usr/share/code/resources/app/out/vs/workbench/api/node/extensionHostProcess.js:152:26595)
	at r.y (/usr/share/code/resources/app/out/vs/workbench/api/node/extensionHostProcess.js:80:1902)
	at r.fire (/usr/share/code/resources/app/out/vs/workbench/api/node/extensionHostProcess.js:80:2119)
	at i.acceptDocumentsAndEditorsDelta (/usr/share/code/resources/app/out/vs/workbench/api/node/extensionHostProcess.js:152:25486)
	at i.$acceptDocumentsAndEditorsDelta (/usr/share/code/resources/app/out/vs/workbench/api/node/extensionHostProcess.js:152:23857)
	at d.S (/usr/share/code/resources/app/out/vs/workbench/api/node/extensionHostProcess.js:147:5520)
	at d.Q (/usr/share/code/resources/app/out/vs/workbench/api/node/extensionHostProcess.js:147:5286)
	at d.M (/usr/share/code/resources/app/out/vs/workbench/api/node/extensionHostProcess.js:147:4376)
	at d.L (/usr/share/code/resources/app/out/vs/workbench/api/node/extensionHostProcess.js:147:3455)
	at g.value (/usr/share/code/resources/app/out/vs/workbench/api/node/extensionHostProcess.js:147:2242)
	at r.y (/usr/share/code/resources/app/out/vs/workbench/api/node/extensionHostProcess.js:80:1902)
	at r.fire (/usr/share/code/resources/app/out/vs/workbench/api/node/extensionHostProcess.js:80:2119)
	at n.fire (/usr/share/code/resources/app/out/vs/workbench/api/node/extensionHostProcess.js:105:14073)
	at g.value (/usr/share/code/resources/app/out/vs/workbench/api/node/extensionHostProcess.js:173:8051)
	at r.y (/usr/share/code/resources/app/out/vs/workbench/api/node/extensionHostProcess.js:80:1902)
	at r.fire (/usr/share/code/resources/app/out/vs/workbench/api/node/extensionHostProcess.js:80:2119)
	at n.fire (/usr/share/code/resources/app/out/vs/workbench/api/node/extensionHostProcess.js:105:14073)
	at MessagePortMain.<anonymous> (/usr/share/code/resources/app/out/vs/workbench/api/node/extensionHostProcess.js:173:6331)
	at MessagePortMain.emit (node:events:514:28)
	at Object.emit (node:electron/js2c/utility_init:2:2285)
2024-02-21 21:59:34.854 [error] Error: [ExtensionListenerError] Extension 'cliffordfajardo.highlight-line-vscode' FAILED to handle event
	at g.value (/usr/share/code/resources/app/out/vs/workbench/api/node/extensionHostProcess.js:160:19758)
	at r.y (/usr/share/code/resources/app/out/vs/workbench/api/node/extensionHostProcess.js:80:1902)
	at r.z (/usr/share/code/resources/app/out/vs/workbench/api/node/extensionHostProcess.js:80:1972)
	at r.fire (/usr/share/code/resources/app/out/vs/workbench/api/node/extensionHostProcess.js:80:2188)
	at g.value (/usr/share/code/resources/app/out/vs/workbench/api/node/extensionHostProcess.js:152:26595)
	at r.y (/usr/share/code/resources/app/out/vs/workbench/api/node/extensionHostProcess.js:80:1902)
	at r.fire (/usr/share/code/resources/app/out/vs/workbench/api/node/extensionHostProcess.js:80:2119)
	at i.acceptDocumentsAndEditorsDelta (/usr/share/code/resources/app/out/vs/workbench/api/node/extensionHostProcess.js:152:25486)
	at i.$acceptDocumentsAndEditorsDelta (/usr/share/code/resources/app/out/vs/workbench/api/node/extensionHostProcess.js:152:23857)
	at d.S (/usr/share/code/resources/app/out/vs/workbench/api/node/extensionHostProcess.js:147:5520)
	at d.Q (/usr/share/code/resources/app/out/vs/workbench/api/node/extensionHostProcess.js:147:5286)
	at d.M (/usr/share/code/resources/app/out/vs/workbench/api/node/extensionHostProcess.js:147:4376)
	at d.L (/usr/share/code/resources/app/out/vs/workbench/api/node/extensionHostProcess.js:147:3455)
	at g.value (/usr/share/code/resources/app/out/vs/workbench/api/node/extensionHostProcess.js:147:2242)
	at r.y (/usr/share/code/resources/app/out/vs/workbench/api/node/extensionHostProcess.js:80:1902)
	at r.fire (/usr/share/code/resources/app/out/vs/workbench/api/node/extensionHostProcess.js:80:2119)
	at n.fire (/usr/share/code/resources/app/out/vs/workbench/api/node/extensionHostProcess.js:105:14073)
	at g.value (/usr/share/code/resources/app/out/vs/workbench/api/node/extensionHostProcess.js:173:8051)
	at r.y (/usr/share/code/resources/app/out/vs/workbench/api/node/extensionHostProcess.js:80:1902)
	at r.fire (/usr/share/code/resources/app/out/vs/workbench/api/node/extensionHostProcess.js:80:2119)
	at n.fire (/usr/share/code/resources/app/out/vs/workbench/api/node/extensionHostProcess.js:105:14073)
	at MessagePortMain.<anonymous> (/usr/share/code/resources/app/out/vs/workbench/api/node/extensionHostProcess.js:173:6331)
	at MessagePortMain.emit (node:events:514:28)
	at Object.emit (node:electron/js2c/utility_init:2:2285)
2024-02-21 22:00:08.196 [error] Error: [ExtensionListenerError] Extension 'cliffordfajardo.highlight-line-vscode' FAILED to handle event
	at g.value (/usr/share/code/resources/app/out/vs/workbench/api/node/extensionHostProcess.js:160:19758)
	at r.y (/usr/share/code/resources/app/out/vs/workbench/api/node/extensionHostProcess.js:80:1902)
	at r.z (/usr/share/code/resources/app/out/vs/workbench/api/node/extensionHostProcess.js:80:1972)
	at r.fire (/usr/share/code/resources/app/out/vs/workbench/api/node/extensionHostProcess.js:80:2188)
	at g.value (/usr/share/code/resources/app/out/vs/workbench/api/node/extensionHostProcess.js:152:26595)
	at r.y (/usr/share/code/resources/app/out/vs/workbench/api/node/extensionHostProcess.js:80:1902)
	at r.fire (/usr/share/code/resources/app/out/vs/workbench/api/node/extensionHostProcess.js:80:2119)
	at i.acceptDocumentsAndEditorsDelta (/usr/share/code/resources/app/out/vs/workbench/api/node/extensionHostProcess.js:152:25486)
	at i.$acceptDocumentsAndEditorsDelta (/usr/share/code/resources/app/out/vs/workbench/api/node/extensionHostProcess.js:152:23857)
	at d.S (/usr/share/code/resources/app/out/vs/workbench/api/node/extensionHostProcess.js:147:5520)
	at d.Q (/usr/share/code/resources/app/out/vs/workbench/api/node/extensionHostProcess.js:147:5286)
	at d.M (/usr/share/code/resources/app/out/vs/workbench/api/node/extensionHostProcess.js:147:4376)
	at d.L (/usr/share/code/resources/app/out/vs/workbench/api/node/extensionHostProcess.js:147:3455)
	at g.value (/usr/share/code/resources/app/out/vs/workbench/api/node/extensionHostProcess.js:147:2242)
	at r.y (/usr/share/code/resources/app/out/vs/workbench/api/node/extensionHostProcess.js:80:1902)
	at r.fire (/usr/share/code/resources/app/out/vs/workbench/api/node/extensionHostProcess.js:80:2119)
	at n.fire (/usr/share/code/resources/app/out/vs/workbench/api/node/extensionHostProcess.js:105:14073)
	at g.value (/usr/share/code/resources/app/out/vs/workbench/api/node/extensionHostProcess.js:173:8051)
	at r.y (/usr/share/code/resources/app/out/vs/workbench/api/node/extensionHostProcess.js:80:1902)
	at r.fire (/usr/share/code/resources/app/out/vs/workbench/api/node/extensionHostProcess.js:80:2119)
	at n.fire (/usr/share/code/resources/app/out/vs/workbench/api/node/extensionHostProcess.js:105:14073)
	at MessagePortMain.<anonymous> (/usr/share/code/resources/app/out/vs/workbench/api/node/extensionHostProcess.js:173:6331)
	at MessagePortMain.emit (node:events:514:28)
	at Object.emit (node:electron/js2c/utility_init:2:2285)
2024-02-21 22:00:08.889 [error] Error: [ExtensionListenerError] Extension 'cliffordfajardo.highlight-line-vscode' FAILED to handle event
	at g.value (/usr/share/code/resources/app/out/vs/workbench/api/node/extensionHostProcess.js:160:19758)
	at r.y (/usr/share/code/resources/app/out/vs/workbench/api/node/extensionHostProcess.js:80:1902)
	at r.z (/usr/share/code/resources/app/out/vs/workbench/api/node/extensionHostProcess.js:80:1972)
	at r.fire (/usr/share/code/resources/app/out/vs/workbench/api/node/extensionHostProcess.js:80:2188)
	at g.value (/usr/share/code/resources/app/out/vs/workbench/api/node/extensionHostProcess.js:152:26595)
	at r.y (/usr/share/code/resources/app/out/vs/workbench/api/node/extensionHostProcess.js:80:1902)
	at r.fire (/usr/share/code/resources/app/out/vs/workbench/api/node/extensionHostProcess.js:80:2119)
	at i.acceptDocumentsAndEditorsDelta (/usr/share/code/resources/app/out/vs/workbench/api/node/extensionHostProcess.js:152:25486)
	at i.$acceptDocumentsAndEditorsDelta (/usr/share/code/resources/app/out/vs/workbench/api/node/extensionHostProcess.js:152:23857)
	at d.S (/usr/share/code/resources/app/out/vs/workbench/api/node/extensionHostProcess.js:147:5520)
	at d.Q (/usr/share/code/resources/app/out/vs/workbench/api/node/extensionHostProcess.js:147:5286)
	at d.M (/usr/share/code/resources/app/out/vs/workbench/api/node/extensionHostProcess.js:147:4376)
	at d.L (/usr/share/code/resources/app/out/vs/workbench/api/node/extensionHostProcess.js:147:3455)
	at g.value (/usr/share/code/resources/app/out/vs/workbench/api/node/extensionHostProcess.js:147:2242)
	at r.y (/usr/share/code/resources/app/out/vs/workbench/api/node/extensionHostProcess.js:80:1902)
	at r.fire (/usr/share/code/resources/app/out/vs/workbench/api/node/extensionHostProcess.js:80:2119)
	at n.fire (/usr/share/code/resources/app/out/vs/workbench/api/node/extensionHostProcess.js:105:14073)
	at g.value (/usr/share/code/resources/app/out/vs/workbench/api/node/extensionHostProcess.js:173:8051)
	at r.y (/usr/share/code/resources/app/out/vs/workbench/api/node/extensionHostProcess.js:80:1902)
	at r.fire (/usr/share/code/resources/app/out/vs/workbench/api/node/extensionHostProcess.js:80:2119)
	at n.fire (/usr/share/code/resources/app/out/vs/workbench/api/node/extensionHostProcess.js:105:14073)
	at MessagePortMain.<anonymous> (/usr/share/code/resources/app/out/vs/workbench/api/node/extensionHostProcess.js:173:6331)
	at MessagePortMain.emit (node:events:514:28)
	at Object.emit (node:electron/js2c/utility_init:2:2285)
