2024-02-21 21:30:12.209 [info] Log level: Info
2024-02-21 21:30:12.209 [info] Validating found git in: "git"
2024-02-21 21:30:12.209 [info] Using git "2.39.2" from "git"
2024-02-21 21:30:12.209 [info] > git rev-parse --show-toplevel [6ms]
2024-02-21 21:30:12.209 [info] fatal: not a git repository (or any of the parent directories): .git
2024-02-21 21:30:12.209 [info] > git rev-parse --show-toplevel [1ms]
2024-02-21 21:30:12.209 [info] fatal: not a git repository (or any of the parent directories): .git
2024-02-21 21:30:12.210 [info] > git rev-parse --show-toplevel [1ms]
2024-02-21 21:30:12.210 [info] fatal: not a git repository (or any of the parent directories): .git
2024-02-21 21:30:12.213 [info] > git rev-parse --show-toplevel [1ms]
2024-02-21 21:30:12.213 [info] fatal: not a git repository (or any of the parent directories): .git
2024-02-21 21:30:12.328 [info] > git rev-parse --show-toplevel [33ms]
2024-02-21 21:30:12.328 [info] fatal: not a git repository (or any of the parent directories): .git
2024-02-21 21:30:12.338 [info] > git rev-parse --show-toplevel [1ms]
2024-02-21 21:30:12.338 [info] fatal: not a git repository (or any of the parent directories): .git
2024-02-21 21:30:12.343 [info] > git rev-parse --show-toplevel [1ms]
2024-02-21 21:30:12.343 [info] fatal: not a git repository (or any of the parent directories): .git
2024-02-21 21:30:12.356 [info] > git rev-parse --show-toplevel [11ms]
2024-02-21 21:30:12.356 [info] fatal: not a git repository (or any of the parent directories): .git
2024-02-21 21:30:12.368 [info] > git rev-parse --show-toplevel [9ms]
2024-02-21 21:30:12.368 [info] fatal: not a git repository (or any of the parent directories): .git
2024-02-21 21:30:12.412 [info] > git rev-parse --show-toplevel [12ms]
2024-02-21 21:30:12.412 [info] fatal: not a git repository (or any of the parent directories): .git
2024-02-21 21:30:12.426 [info] > git rev-parse --show-toplevel [8ms]
2024-02-21 21:30:12.426 [info] fatal: not a git repository (or any of the parent directories): .git
2024-02-21 21:30:12.450 [info] > git rev-parse --show-toplevel [18ms]
2024-02-21 21:30:12.450 [info] fatal: not a git repository (or any of the parent directories): .git
2024-02-21 21:30:12.494 [info] > git rev-parse --show-toplevel [31ms]
2024-02-21 21:30:12.494 [info] fatal: not a git repository (or any of the parent directories): .git
2024-02-21 21:30:12.518 [info] > git rev-parse --show-toplevel [20ms]
2024-02-21 21:30:12.518 [info] fatal: not a git repository (or any of the parent directories): .git
2024-02-21 21:30:12.530 [info] > git rev-parse --show-toplevel [2ms]
2024-02-21 21:30:12.530 [info] fatal: not a git repository (or any of the parent directories): .git
2024-02-21 21:30:12.535 [info] > git rev-parse --show-toplevel [1ms]
2024-02-21 21:30:12.535 [info] fatal: not a git repository (or any of the parent directories): .git
2024-02-21 21:30:12.540 [info] > git rev-parse --show-toplevel [1ms]
2024-02-21 21:30:12.540 [info] fatal: not a git repository (or any of the parent directories): .git
2024-02-21 21:30:12.624 [info] > git rev-parse --show-toplevel [1ms]
2024-02-21 21:30:12.624 [info] fatal: not a git repository (or any of the parent directories): .git
